Looking for git in: git
Using git 2.17.1 from git
> git rev-parse --show-toplevel
> git rev-parse --git-dir
Open repository: /home/liban/Documents/moringa-school-projects/hello-world
> git status -z -u
> git symbolic-ref --short HEAD
> git rev-parse master
fatal: ambiguous argument 'master': unknown revision or path not in the working tree.
Use '--' to separate paths from revisions, like this:
'git <command> [<revision>...] -- [<file>...]'
> git for-each-ref --format %(refname) %(objectname) --sort -committerdate
> git remote --verbose
> git config --get commit.template
> git check-ignore -v -z --stdin
> git show :hello-world.html
> git ls-files --stage -- /home/liban/Documents/moringa-school-projects/hello-world/hello-world.html
> git status -z -u
> git symbolic-ref --short HEAD
> git rev-parse master
fatal: ambiguous argument 'master': unknown revision or path not in the working tree.
Use '--' to separate paths from revisions, like this:
'git <command> [<revision>...] -- [<file>...]'
> git for-each-ref --format %(refname) %(objectname) --sort -committerdate
> git remote --verbose
> git config --get commit.template
> git status -z -u
> git symbolic-ref --short HEAD
> git rev-parse master
fatal: ambiguous argument 'master': unknown revision or path not in the working tree.
Use '--' to separate paths from revisions, like this:
'git <command> [<revision>...] -- [<file>...]'
> git for-each-ref --format %(refname) %(objectname) --sort -committerdate
> git remote --verbose
> git config --get commit.template
> git status -z -u
> git symbolic-ref --short HEAD
> git rev-parse master
fatal: ambiguous argument 'master': unknown revision or path not in the working tree.
Use '--' to separate paths from revisions, like this:
'git <command> [<revision>...] -- [<file>...]'
> git for-each-ref --format %(refname) %(objectname) --sort -committerdate
> git remote --verbose
> git config --get commit.template
> git status -z -u
> git ls-files --stage -- /home/liban/Documents/moringa-school-projects/hello-world/hello-world.html
> git cat-file -s 171c2b57e43f1abafdb5982210937a6d1bb6f143
> git symbolic-ref --short HEAD
> git rev-parse master
fatal: ambiguous argument 'master': unknown revision or path not in the working tree.
Use '--' to separate paths from revisions, like this:
'git <command> [<revision>...] -- [<file>...]'
> git for-each-ref --format %(refname) %(objectname) --sort -committerdate
> git remote --verbose
> git config --get commit.template
> git show :hello-world.html
> git status -z -u
> git symbolic-ref --short HEAD
> git rev-parse master
fatal: ambiguous argument 'master': unknown revision or path not in the working tree.
Use '--' to separate paths from revisions, like this:
'git <command> [<revision>...] -- [<file>...]'
> git for-each-ref --format %(refname) %(objectname) --sort -committerdate
> git remote --verbose
> git config --get commit.template
> git status -z -u
> git symbolic-ref --short HEAD
> git rev-parse master
fatal: ambiguous argument 'master': unknown revision or path not in the working tree.
Use '--' to separate paths from revisions, like this:
'git <command> [<revision>...] -- [<file>...]'
> git for-each-ref --format %(refname) %(objectname) --sort -committerdate
> git remote --verbose
> git config --get commit.template
> git status -z -u
> git symbolic-ref --short HEAD
> git ls-files --stage -- /home/liban/Documents/moringa-school-projects/hello-world/hello-world.html
> git rev-parse master
> git cat-file -s d1ccf916e9f038250c6006140d2949ad60b2ec52
fatal: ambiguous argument 'master': unknown revision or path not in the working tree.
Use '--' to separate paths from revisions, like this:
'git <command> [<revision>...] -- [<file>...]'
> git for-each-ref --format %(refname) %(objectname) --sort -committerdate
> git remote --verbose
> git show :hello-world.html
> git config --get commit.template
> git status -z -u
> git symbolic-ref --short HEAD
> git rev-parse master
fatal: ambiguous argument 'master': unknown revision or path not in the working tree.
Use '--' to separate paths from revisions, like this:
'git <command> [<revision>...] -- [<file>...]'
> git for-each-ref --format %(refname) %(objectname) --sort -committerdate
> git remote --verbose
> git config --get commit.template
> git status -z -u
> git ls-files --stage -- /home/liban/Documents/moringa-school-projects/hello-world/hello-world.html
> git symbolic-ref --short HEAD
> git cat-file -s d1ccf916e9f038250c6006140d2949ad60b2ec52
> git rev-parse master
> git show :hello-world.html
> git rev-parse --symbolic-full-name master@{u}
fatal: no upstream configured for branch 'master'
> git for-each-ref --format %(refname) %(objectname) --sort -committerdate
> git remote --verbose
> git config --get commit.template
> git status -z -u
> git symbolic-ref --short HEAD
> git rev-parse master
> git rev-parse --symbolic-full-name master@{u}
fatal: no upstream configured for branch 'master'
> git for-each-ref --format %(refname) %(objectname) --sort -committerdate
> git remote --verbose
> git config --get commit.template
> git status -z -u
> git symbolic-ref --short HEAD
> git rev-parse master
> git rev-parse --symbolic-full-name master@{u}
fatal: no upstream configured for branch 'master'
> git for-each-ref --format %(refname) %(objectname) --sort -committerdate
> git remote --verbose
> git config --get commit.template
> git status -z -u
> git ls-files --stage -- /home/liban/Documents/moringa-school-projects/hello-world/hello-world.html
> git cat-file -s b9383e5fda7c9337f829e6c5976e6da4d05932dd
> git symbolic-ref --short HEAD
> git rev-parse master
> git show :hello-world.html
> git rev-parse --symbolic-full-name master@{u}
fatal: no upstream configured for branch 'master'
> git for-each-ref --format %(refname) %(objectname) --sort -committerdate
> git remote --verbose
> git config --get commit.template
> git status -z -u
> git symbolic-ref --short HEAD
> git rev-parse master
> git rev-parse --symbolic-full-name master@{u}
fatal: no upstream configured for branch 'master'
> git for-each-ref --format %(refname) %(objectname) --sort -committerdate
> git remote --verbose
> git config --get commit.template
