[    45.328] (--) Log file renamed from "/home/liban/.local/share/xorg/Xorg.pid-969.log" to "/home/liban/.local/share/xorg/Xorg.0.log"
[    45.360] 
X.Org X Server 1.20.5
X Protocol Version 11, Revision 0
[    45.360] Build Operating System: Linux 4.4.0-170-generic x86_64 Ubuntu
[    45.360] Current Operating System: Linux liban-Lenovo-B50-70 5.3.0-28-generic #30~18.04.1-Ubuntu SMP Fri Jan 17 06:14:09 UTC 2020 x86_64
[    45.360] Kernel command line: BOOT_IMAGE=/boot/vmlinuz-5.3.0-28-generic root=UUID=44730275-6ab4-481d-8f1b-2b59364f04c2 ro quiet splash vt.handoff=1
[    45.361] Build Date: 18 December 2019  08:15:29AM
[    45.361] xorg-server-hwe-18.04 2:1.20.5+git20191008-0ubuntu1~18.04.1 (For technical support please see http://www.ubuntu.com/support) 
[    45.361] Current version of pixman: 0.34.0
[    45.361] 	Before reporting problems, check http://wiki.x.org
	to make sure that you have the latest version.
[    45.361] Markers: (--) probed, (**) from config file, (==) default setting,
	(++) from command line, (!!) notice, (II) informational,
	(WW) warning, (EE) error, (NI) not implemented, (??) unknown.
[    45.361] (==) Log file: "/home/liban/.local/share/xorg/Xorg.0.log", Time: Thu Mar 12 12:11:41 2020
[    45.414] (==) Using system config directory "/usr/share/X11/xorg.conf.d"
[    45.430] (==) No Layout section.  Using the first Screen section.
[    45.430] (==) No screen section available. Using defaults.
[    45.430] (**) |-->Screen "Default Screen Section" (0)
[    45.430] (**) |   |-->Monitor "<default monitor>"
[    45.447] (==) No monitor specified for screen "Default Screen Section".
	Using a default monitor configuration.
[    45.447] (==) Automatically adding devices
[    45.447] (==) Automatically enabling devices
[    45.447] (==) Automatically adding GPU devices
[    45.447] (==) Automatically binding GPU devices
[    45.447] (==) Max clients allowed: 256, resource mask: 0x1fffff
[    45.447] (WW) The directory "/usr/share/fonts/X11/cyrillic" does not exist.
[    45.447] 	Entry deleted from font path.
[    45.447] (WW) The directory "/usr/share/fonts/X11/100dpi/" does not exist.
[    45.447] 	Entry deleted from font path.
[    45.447] (WW) The directory "/usr/share/fonts/X11/75dpi/" does not exist.
[    45.447] 	Entry deleted from font path.
[    45.447] (WW) The directory "/usr/share/fonts/X11/100dpi" does not exist.
[    45.447] 	Entry deleted from font path.
[    45.447] (WW) The directory "/usr/share/fonts/X11/75dpi" does not exist.
[    45.447] 	Entry deleted from font path.
[    45.448] (==) FontPath set to:
	/usr/share/fonts/X11/misc,
	/usr/share/fonts/X11/Type1,
	built-ins
[    45.448] (==) ModulePath set to "/usr/lib/xorg/modules"
[    45.448] (II) The server relies on udev to provide the list of input devices.
	If no devices become available, reconfigure udev or disable AutoAddDevices.
[    45.448] (II) Loader magic: 0x5640af8d8020
[    45.448] (II) Module ABI versions:
[    45.448] 	X.Org ANSI C Emulation: 0.4
[    45.448] 	X.Org Video Driver: 24.0
[    45.448] 	X.Org XInput driver : 24.1
[    45.448] 	X.Org Server Extension : 10.0
[    45.450] (++) using VT number 1

[    45.454] (II) systemd-logind: took control of session /org/freedesktop/login1/session/_31
[    45.455] (II) xfree86: Adding drm device (/dev/dri/card0)
[    45.457] (II) systemd-logind: got fd for /dev/dri/card0 226:0 fd 12 paused 0
[    45.462] (--) PCI:*(0@0:2:0) 8086:0a16:17aa:3978 rev 11, Mem @ 0x92000000/4194304, 0x80000000/268435456, I/O @ 0x00005000/64, BIOS @ 0x????????/131072
[    45.462] (II) LoadModule: "glx"
[    45.462] (II) Loading /usr/lib/xorg/modules/extensions/libglx.so
[    45.558] (II) Module glx: vendor="X.Org Foundation"
[    45.558] 	compiled for 1.20.5, module version = 1.0.0
[    45.558] 	ABI class: X.Org Server Extension, version 10.0
[    45.558] (==) Matched modesetting as autoconfigured driver 0
[    45.558] (==) Matched fbdev as autoconfigured driver 1
[    45.558] (==) Matched vesa as autoconfigured driver 2
[    45.558] (==) Assigned the driver to the xf86ConfigLayout
[    45.558] (II) LoadModule: "modesetting"
[    45.558] (II) Loading /usr/lib/xorg/modules/drivers/modesetting_drv.so
[    45.643] (II) Module modesetting: vendor="X.Org Foundation"
[    45.643] 	compiled for 1.20.5, module version = 1.20.5
[    45.643] 	Module class: X.Org Video Driver
[    45.643] 	ABI class: X.Org Video Driver, version 24.0
[    45.643] (II) LoadModule: "fbdev"
[    45.643] (II) Loading /usr/lib/xorg/modules/drivers/fbdev_drv.so
[    45.646] (II) Module fbdev: vendor="X.Org Foundation"
[    45.646] 	compiled for 1.20.1, module version = 0.5.0
[    45.646] 	Module class: X.Org Video Driver
[    45.646] 	ABI class: X.Org Video Driver, version 24.0
[    45.646] (II) LoadModule: "vesa"
[    45.647] (II) Loading /usr/lib/xorg/modules/drivers/vesa_drv.so
[    45.651] (II) Module vesa: vendor="X.Org Foundation"
[    45.651] 	compiled for 1.20.1, module version = 2.4.0
[    45.651] 	Module class: X.Org Video Driver
[    45.651] 	ABI class: X.Org Video Driver, version 24.0
[    45.651] (II) modesetting: Driver for Modesetting Kernel Drivers: kms
[    45.651] (II) FBDEV: driver for framebuffer: fbdev
[    45.651] (II) VESA: driver for VESA chipsets: vesa
[    45.651] xf86EnableIOPorts: failed to set IOPL for I/O (Operation not permitted)
[    45.651] (II) modeset(0): using drv /dev/dri/card0
[    45.651] (WW) Falling back to old probe method for fbdev
[    45.651] (II) Loading sub module "fbdevhw"
[    45.651] (II) LoadModule: "fbdevhw"
[    45.651] (II) Loading /usr/lib/xorg/modules/libfbdevhw.so
[    45.663] (II) Module fbdevhw: vendor="X.Org Foundation"
[    45.663] 	compiled for 1.20.5, module version = 0.0.2
[    45.663] 	ABI class: X.Org Video Driver, version 24.0
[    45.664] (EE) open /dev/fb0: Permission denied
[    45.664] (WW) VGA arbiter: cannot open kernel arbiter, no multi-card support
[    45.664] (II) modeset(0): Creating default Display subsection in Screen section
	"Default Screen Section" for depth/fbbpp 24/32
[    45.664] (==) modeset(0): Depth 24, (==) framebuffer bpp 32
[    45.664] (==) modeset(0): RGB weight 888
[    45.664] (==) modeset(0): Default visual is TrueColor
[    45.664] (II) Loading sub module "glamoregl"
[    45.664] (II) LoadModule: "glamoregl"
[    45.664] (II) Loading /usr/lib/xorg/modules/libglamoregl.so
[    45.723] (II) Module glamoregl: vendor="X.Org Foundation"
[    45.723] 	compiled for 1.20.5, module version = 1.0.1
[    45.723] 	ABI class: X.Org ANSI C Emulation, version 0.4
[    46.499] (II) modeset(0): glamor X acceleration enabled on Mesa DRI Intel(R) Haswell Mobile 
[    46.499] (II) modeset(0): glamor initialized
[    46.500] (II) modeset(0): Output eDP-1 has no monitor section
[    46.500] (II) modeset(0): Output DP-1 has no monitor section
[    46.502] (II) modeset(0): Output HDMI-1 has no monitor section
[    46.503] (II) modeset(0): EDID for output eDP-1
[    46.503] (II) modeset(0): Manufacturer: CMN  Model: 15bd  Serial#: 0
[    46.503] (II) modeset(0): Year: 2013  Week: 30
[    46.503] (II) modeset(0): EDID Version: 1.4
[    46.503] (II) modeset(0): Digital Display Input
[    46.503] (II) modeset(0): 6 bits per channel
[    46.503] (II) modeset(0): Digital interface is DisplayPort
[    46.503] (II) modeset(0): Max Image Size [cm]: horiz.: 34  vert.: 19
[    46.503] (II) modeset(0): Gamma: 2.20
[    46.503] (II) modeset(0): No DPMS capabilities specified
[    46.503] (II) modeset(0): Supported color encodings: RGB 4:4:4 
[    46.504] (II) modeset(0): First detailed timing is preferred mode
[    46.504] (II) modeset(0): Preferred mode is native pixel format and refresh rate
[    46.504] (II) modeset(0): redX: 0.573 redY: 0.346   greenX: 0.341 greenY: 0.595
[    46.504] (II) modeset(0): blueX: 0.161 blueY: 0.115   whiteX: 0.313 whiteY: 0.329
[    46.504] (II) modeset(0): Manufacturer's mask: 0
[    46.504] (II) modeset(0): Supported detailed timing:
[    46.504] (II) modeset(0): clock: 76.4 MHz   Image Size:  344 x 193 mm
[    46.504] (II) modeset(0): h_active: 1366  h_sync: 1434  h_sync_end 1479 h_blank_end 1592 h_border: 0
[    46.504] (II) modeset(0): v_active: 768  v_sync: 772  v_sync_end 779 v_blanking: 800 v_border: 0
[    46.504] (II) modeset(0):  N156BGE-EA1
[    46.504] (II) modeset(0):  CMN
[    46.504] (II) modeset(0):  N156BGE-EA1
[    46.504] (II) modeset(0): EDID (in hex):
[    46.504] (II) modeset(0): 	00ffffffffffff000daebd1500000000
[    46.504] (II) modeset(0): 	1e1701049522137802e5659258579829
[    46.504] (II) modeset(0): 	1d505400000001010101010101010101
[    46.504] (II) modeset(0): 	010101010101da1d56e250002030442d
[    46.504] (II) modeset(0): 	470058c110000018000000fe004e3135
[    46.504] (II) modeset(0): 	364247452d4541310a20000000fe0043
[    46.504] (II) modeset(0): 	4d4e0a202020202020202020000000fe
[    46.504] (II) modeset(0): 	004e3135364247452d4541310a200088
[    46.505] (II) modeset(0): Printing probed modes for output eDP-1
[    46.505] (II) modeset(0): Modeline "1366x768"x60.0   76.42  1366 1434 1479 1592  768 772 779 800 -hsync -vsync (48.0 kHz eP)
[    46.505] (II) modeset(0): Modeline "1360x768"x59.8   84.75  1360 1432 1568 1776  768 771 781 798 -hsync +vsync (47.7 kHz d)
[    46.505] (II) modeset(0): Modeline "1360x768"x60.0   72.00  1360 1408 1440 1520  768 771 781 790 +hsync -vsync (47.4 kHz d)
[    46.505] (II) modeset(0): Modeline "1280x720"x120.0  156.12  1280 1376 1512 1744  720 721 724 746 doublescan -hsync +vsync (89.5 kHz d)
[    46.505] (II) modeset(0): Modeline "1280x720"x120.0  120.75  1280 1304 1320 1360  720 721 724 740 doublescan +hsync -vsync (88.8 kHz d)
[    46.505] (II) modeset(0): Modeline "1280x720"x59.9   74.50  1280 1344 1472 1664  720 723 728 748 -hsync +vsync (44.8 kHz d)
[    46.505] (II) modeset(0): Modeline "1280x720"x59.7   63.75  1280 1328 1360 1440  720 723 728 741 +hsync -vsync (44.3 kHz d)
[    46.505] (II) modeset(0): Modeline "1024x768"x120.1  133.47  1024 1100 1212 1400  768 768 770 794 doublescan -hsync +vsync (95.3 kHz d)
[    46.505] (II) modeset(0): Modeline "1024x768"x60.0   65.00  1024 1048 1184 1344  768 771 777 806 -hsync -vsync (48.4 kHz d)
[    46.505] (II) modeset(0): Modeline "960x720"x120.0  117.00  960 1024 1128 1300  720 720 722 750 doublescan -hsync +vsync (90.0 kHz d)
[    46.505] (II) modeset(0): Modeline "928x696"x120.1  109.15  928 976 1088 1264  696 696 698 719 doublescan -hsync +vsync (86.4 kHz d)
[    46.505] (II) modeset(0): Modeline "896x672"x120.0  102.40  896 960 1060 1224  672 672 674 697 doublescan -hsync +vsync (83.7 kHz d)
[    46.505] (II) modeset(0): Modeline "1024x576"x119.9   98.50  1024 1092 1200 1376  576 577 580 597 doublescan -hsync +vsync (71.6 kHz d)
[    46.505] (II) modeset(0): Modeline "1024x576"x119.9   78.38  1024 1048 1064 1104  576 577 580 592 doublescan +hsync -vsync (71.0 kHz d)
[    46.505] (II) modeset(0): Modeline "1024x576"x59.9   46.50  1024 1064 1160 1296  576 579 584 599 -hsync +vsync (35.9 kHz d)
[    46.505] (II) modeset(0): Modeline "1024x576"x59.8   42.00  1024 1072 1104 1184  576 579 584 593 +hsync -vsync (35.5 kHz d)
[    46.505] (II) modeset(0): Modeline "960x600"x119.9   96.62  960 1028 1128 1296  600 601 604 622 doublescan -hsync +vsync (74.6 kHz d)
[    46.505] (II) modeset(0): Modeline "960x600"x120.0   77.00  960 984 1000 1040  600 601 604 617 doublescan +hsync -vsync (74.0 kHz d)
[    46.505] (II) modeset(0): Modeline "960x540"x119.9   86.50  960 1024 1124 1288  540 541 544 560 doublescan -hsync +vsync (67.2 kHz d)
[    46.505] (II) modeset(0): Modeline "960x540"x120.0   69.25  960 984 1000 1040  540 541 544 555 doublescan +hsync -vsync (66.6 kHz d)
[    46.505] (II) modeset(0): Modeline "960x540"x59.6   40.75  960 992 1088 1216  540 543 548 562 -hsync +vsync (33.5 kHz d)
[    46.505] (II) modeset(0): Modeline "960x540"x59.8   37.25  960 1008 1040 1120  540 543 548 556 +hsync -vsync (33.3 kHz d)
[    46.505] (II) modeset(0): Modeline "800x600"x120.0   81.00  800 832 928 1080  600 600 602 625 doublescan +hsync +vsync (75.0 kHz d)
[    46.505] (II) modeset(0): Modeline "800x600"x60.3   40.00  800 840 968 1056  600 601 605 628 +hsync +vsync (37.9 kHz d)
[    46.505] (II) modeset(0): Modeline "800x600"x56.2   36.00  800 824 896 1024  600 601 603 625 +hsync +vsync (35.2 kHz d)
[    46.505] (II) modeset(0): Modeline "840x525"x120.0   73.12  840 892 980 1120  525 526 529 544 doublescan -hsync +vsync (65.3 kHz d)
[    46.505] (II) modeset(0): Modeline "840x525"x119.8   59.50  840 864 880 920  525 526 529 540 doublescan +hsync -vsync (64.7 kHz d)
[    46.505] (II) modeset(0): Modeline "864x486"x59.9   32.50  864 888 968 1072  486 489 494 506 -hsync +vsync (30.3 kHz d)
[    46.505] (II) modeset(0): Modeline "864x486"x59.6   30.50  864 912 944 1024  486 489 494 500 +hsync -vsync (29.8 kHz d)
[    46.505] (II) modeset(0): Modeline "800x512"x120.3   51.56  800 800 828 832  512 512 514 515 doublescan +hsync +vsync (62.0 kHz d)
[    46.506] (II) modeset(0): Modeline "700x525"x120.0   61.00  700 744 820 940  525 526 532 541 doublescan +hsync +vsync (64.9 kHz d)
[    46.506] (II) modeset(0): Modeline "800x450"x119.9   59.12  800 848 928 1056  450 451 454 467 doublescan -hsync +vsync (56.0 kHz d)
[    46.506] (II) modeset(0): Modeline "800x450"x119.6   48.75  800 824 840 880  450 451 454 463 doublescan +hsync -vsync (55.4 kHz d)
[    46.506] (II) modeset(0): Modeline "640x512"x120.0   54.00  640 664 720 844  512 512 514 533 doublescan +hsync +vsync (64.0 kHz d)
[    46.506] (II) modeset(0): Modeline "720x450"x119.8   53.25  720 760 836 952  450 451 454 467 doublescan -hsync +vsync (55.9 kHz d)
[    46.506] (II) modeset(0): Modeline "700x450"x119.9   51.75  700 740 812 924  450 451 456 467 doublescan -hsync +vsync (56.0 kHz d)
[    46.506] (II) modeset(0): Modeline "700x450"x119.8   43.25  700 724 740 780  450 451 456 463 doublescan +hsync -vsync (55.4 kHz d)
[    46.506] (II) modeset(0): Modeline "640x480"x120.0   54.00  640 688 744 900  480 480 482 500 doublescan +hsync +vsync (60.0 kHz d)
[    46.506] (II) modeset(0): Modeline "640x480"x59.9   25.18  640 656 752 800  480 490 492 525 -hsync -vsync (31.5 kHz d)
[    46.506] (II) modeset(0): Modeline "720x405"x59.5   22.50  720 744 808 896  405 408 413 422 -hsync +vsync (25.1 kHz d)
[    46.506] (II) modeset(0): Modeline "720x405"x59.0   21.75  720 768 800 880  405 408 413 419 +hsync -vsync (24.7 kHz d)
[    46.506] (II) modeset(0): Modeline "684x384"x119.8   42.62  684 720 788 892  384 385 390 399 doublescan -hsync +vsync (47.8 kHz d)
[    46.506] (II) modeset(0): Modeline "684x384"x119.7   36.12  684 708 724 764  384 385 390 395 doublescan +hsync -vsync (47.3 kHz d)
[    46.506] (II) modeset(0): Modeline "680x384"x119.6   42.38  680 716 784 888  384 385 390 399 doublescan -hsync +vsync (47.7 kHz d)
[    46.506] (II) modeset(0): Modeline "680x384"x119.9   36.00  680 704 720 760  384 385 390 395 doublescan +hsync -vsync (47.4 kHz d)
[    46.506] (II) modeset(0): Modeline "640x400"x119.8   41.75  640 676 740 840  400 401 404 415 doublescan -hsync +vsync (49.7 kHz d)
[    46.506] (II) modeset(0): Modeline "640x400"x120.0   35.50  640 664 680 720  400 401 404 411 doublescan +hsync -vsync (49.3 kHz d)
[    46.506] (II) modeset(0): Modeline "576x432"x120.1   40.81  576 608 668 760  432 432 434 447 doublescan -hsync +vsync (53.7 kHz d)
[    46.506] (II) modeset(0): Modeline "640x360"x119.7   37.25  640 672 736 832  360 361 364 374 doublescan -hsync +vsync (44.8 kHz d)
[    46.506] (II) modeset(0): Modeline "640x360"x119.7   31.88  640 664 680 720  360 361 364 370 doublescan +hsync -vsync (44.3 kHz d)
[    46.506] (II) modeset(0): Modeline "640x360"x59.8   18.00  640 664 720 800  360 363 368 376 -hsync +vsync (22.5 kHz d)
[    46.506] (II) modeset(0): Modeline "640x360"x59.3   17.75  640 688 720 800  360 363 368 374 +hsync -vsync (22.2 kHz d)
[    46.506] (II) modeset(0): Modeline "512x384"x120.0   32.50  512 524 592 672  384 385 388 403 doublescan -hsync -vsync (48.4 kHz d)
[    46.506] (II) modeset(0): Modeline "512x288"x120.0   23.25  512 532 580 648  288 289 292 299 doublescan -hsync +vsync (35.9 kHz d)
[    46.506] (II) modeset(0): Modeline "512x288"x119.8   21.00  512 536 552 592  288 289 292 296 doublescan +hsync -vsync (35.5 kHz d)
[    46.506] (II) modeset(0): Modeline "480x270"x119.3   20.38  480 496 544 608  270 271 274 281 doublescan -hsync +vsync (33.5 kHz d)
[    46.506] (II) modeset(0): Modeline "480x270"x119.6   18.62  480 504 520 560  270 271 274 278 doublescan +hsync -vsync (33.3 kHz d)
[    46.506] (II) modeset(0): Modeline "400x300"x120.6   20.00  400 420 484 528  300 300 302 314 doublescan +hsync +vsync (37.9 kHz d)
[    46.506] (II) modeset(0): Modeline "400x300"x112.7   18.00  400 412 448 512  300 300 301 312 doublescan +hsync +vsync (35.2 kHz d)
[    46.506] (II) modeset(0): Modeline "432x243"x119.8   16.25  432 444 484 536  243 244 247 253 doublescan -hsync +vsync (30.3 kHz d)
[    46.506] (II) modeset(0): Modeline "432x243"x119.1   15.25  432 456 472 512  243 244 247 250 doublescan +hsync -vsync (29.8 kHz d)
[    46.506] (II) modeset(0): Modeline "320x240"x120.1   12.59  320 328 376 400  240 245 246 262 doublescan -hsync -vsync (31.5 kHz d)
[    46.506] (II) modeset(0): Modeline "360x202"x119.0   11.25  360 372 404 448  202 204 206 211 doublescan -hsync +vsync (25.1 kHz d)
[    46.506] (II) modeset(0): Modeline "360x202"x118.3   10.88  360 384 400 440  202 204 206 209 doublescan +hsync -vsync (24.7 kHz d)
[    46.507] (II) modeset(0): Modeline "320x180"x119.7    9.00  320 332 360 400  180 181 184 188 doublescan -hsync +vsync (22.5 kHz d)
[    46.507] (II) modeset(0): Modeline "320x180"x118.6    8.88  320 344 360 400  180 181 184 187 doublescan +hsync -vsync (22.2 kHz d)
[    46.507] (II) modeset(0): EDID for output DP-1
[    46.508] (II) modeset(0): EDID for output HDMI-1
[    46.508] (II) modeset(0): Output eDP-1 connected
[    46.508] (II) modeset(0): Output DP-1 disconnected
[    46.508] (II) modeset(0): Output HDMI-1 disconnected
[    46.508] (II) modeset(0): Using exact sizes for initial modes
[    46.508] (II) modeset(0): Output eDP-1 using initial mode 1366x768 +0+0
[    46.508] (==) modeset(0): Using gamma correction (1.0, 1.0, 1.0)
[    46.508] (==) modeset(0): DPI set to (96, 96)
[    46.508] (II) Loading sub module "fb"
[    46.508] (II) LoadModule: "fb"
[    46.509] (II) Loading /usr/lib/xorg/modules/libfb.so
[    46.541] (II) Module fb: vendor="X.Org Foundation"
[    46.541] 	compiled for 1.20.5, module version = 1.0.0
[    46.541] 	ABI class: X.Org ANSI C Emulation, version 0.4
[    46.541] (II) UnloadModule: "fbdev"
[    46.541] (II) Unloading fbdev
[    46.541] (II) UnloadSubModule: "fbdevhw"
[    46.541] (II) Unloading fbdevhw
[    46.541] (II) UnloadModule: "vesa"
[    46.541] (II) Unloading vesa
[    46.660] (==) modeset(0): Backing store enabled
[    46.660] (==) modeset(0): Silken mouse enabled
[    46.732] (II) modeset(0): Initializing kms color map for depth 24, 8 bpc.
[    46.732] (==) modeset(0): DPMS enabled
[    46.733] (II) modeset(0): [DRI2] Setup complete
[    46.733] (II) modeset(0): [DRI2]   DRI driver: i965
[    46.733] (II) modeset(0): [DRI2]   VDPAU driver: va_gl
[    46.733] (II) Initializing extension Generic Event Extension
[    46.733] (II) Initializing extension SHAPE
[    46.733] (II) Initializing extension MIT-SHM
[    46.734] (II) Initializing extension XInputExtension
[    46.734] (II) Initializing extension XTEST
[    46.735] (II) Initializing extension BIG-REQUESTS
[    46.735] (II) Initializing extension SYNC
[    46.735] (II) Initializing extension XKEYBOARD
[    46.735] (II) Initializing extension XC-MISC
[    46.736] (II) Initializing extension SECURITY
[    46.736] (II) Initializing extension XFIXES
[    46.736] (II) Initializing extension RENDER
[    46.736] (II) Initializing extension RANDR
[    46.737] (II) Initializing extension COMPOSITE
[    46.737] (II) Initializing extension DAMAGE
[    46.737] (II) Initializing extension MIT-SCREEN-SAVER
[    46.738] (II) Initializing extension DOUBLE-BUFFER
[    46.738] (II) Initializing extension RECORD
[    46.738] (II) Initializing extension DPMS
[    46.738] (II) Initializing extension Present
[    46.739] (II) Initializing extension DRI3
[    46.739] (II) Initializing extension X-Resource
[    46.739] (II) Initializing extension XVideo
[    46.739] (II) Initializing extension XVideo-MotionCompensation
[    46.739] (II) Initializing extension SELinux
[    46.739] (II) SELinux: Disabled on system
[    46.739] (II) Initializing extension GLX
[    46.752] (II) AIGLX: Loaded and initialized i965
[    46.752] (II) GLX: Initialized DRI2 GL provider for screen 0
[    46.752] (II) Initializing extension XFree86-VidModeExtension
[    46.752] (II) Initializing extension XFree86-DGA
[    46.752] (II) Initializing extension XFree86-DRI
[    46.752] (II) Initializing extension DRI2
[    46.912] (II) modeset(0): Damage tracking initialized
[    46.912] (II) modeset(0): Setting screen physical size to 361 x 203
[    47.092] (II) config/udev: Adding input device Power Button (/dev/input/event2)
[    47.092] (**) Power Button: Applying InputClass "libinput keyboard catchall"
[    47.092] (II) LoadModule: "libinput"
[    47.092] (II) Loading /usr/lib/xorg/modules/input/libinput_drv.so
[    47.162] (II) Module libinput: vendor="X.Org Foundation"
[    47.162] 	compiled for 1.20.1, module version = 0.28.1
[    47.162] 	Module class: X.Org XInput Driver
[    47.162] 	ABI class: X.Org XInput driver, version 24.1
[    47.162] (II) Using input driver 'libinput' for 'Power Button'
[    47.164] (II) systemd-logind: got fd for /dev/input/event2 13:66 fd 21 paused 0
[    47.164] (**) Power Button: always reports core events
[    47.164] (**) Option "Device" "/dev/input/event2"
[    47.164] (**) Option "_source" "server/udev"
[    47.166] (II) event2  - Power Button: is tagged by udev as: Keyboard
[    47.166] (II) event2  - Power Button: device is a keyboard
[    47.166] (II) event2  - Power Button: device removed
[    47.167] (**) Option "config_info" "udev:/sys/devices/LNXSYSTM:00/LNXPWRBN:00/input/input2/event2"
[    47.167] (II) XINPUT: Adding extended input device "Power Button" (type: KEYBOARD, id 6)
[    47.167] (**) Option "xkb_model" "pc105"
[    47.167] (**) Option "xkb_layout" "us"
[    47.168] (II) event2  - Power Button: is tagged by udev as: Keyboard
[    47.168] (II) event2  - Power Button: device is a keyboard
[    47.169] (II) config/udev: Adding input device Video Bus (/dev/input/event10)
[    47.170] (**) Video Bus: Applying InputClass "libinput keyboard catchall"
[    47.170] (II) Using input driver 'libinput' for 'Video Bus'
[    47.172] (II) systemd-logind: got fd for /dev/input/event10 13:74 fd 24 paused 0
[    47.172] (**) Video Bus: always reports core events
[    47.172] (**) Option "Device" "/dev/input/event10"
[    47.172] (**) Option "_source" "server/udev"
[    47.173] (II) event10 - Video Bus: is tagged by udev as: Keyboard
[    47.173] (II) event10 - Video Bus: device is a keyboard
[    47.173] (II) event10 - Video Bus: device removed
[    47.173] (**) Option "config_info" "udev:/sys/devices/LNXSYSTM:00/LNXSYBUS:00/PNP0A08:00/LNXVIDEO:00/input/input11/event10"
[    47.173] (II) XINPUT: Adding extended input device "Video Bus" (type: KEYBOARD, id 7)
[    47.173] (**) Option "xkb_model" "pc105"
[    47.173] (**) Option "xkb_layout" "us"
[    47.174] (II) event10 - Video Bus: is tagged by udev as: Keyboard
[    47.174] (II) event10 - Video Bus: device is a keyboard
[    47.175] (II) config/udev: Adding input device Power Button (/dev/input/event0)
[    47.175] (**) Power Button: Applying InputClass "libinput keyboard catchall"
[    47.175] (II) Using input driver 'libinput' for 'Power Button'
[    47.176] (II) systemd-logind: got fd for /dev/input/event0 13:64 fd 25 paused 0
[    47.176] (**) Power Button: always reports core events
[    47.176] (**) Option "Device" "/dev/input/event0"
[    47.177] (**) Option "_source" "server/udev"
[    47.177] (II) event0  - Power Button: is tagged by udev as: Keyboard
[    47.177] (II) event0  - Power Button: device is a keyboard
[    47.177] (II) event0  - Power Button: device removed
[    47.177] (**) Option "config_info" "udev:/sys/devices/LNXSYSTM:00/LNXSYBUS:00/PNP0A08:00/device:01/PNP0C0C:00/input/input0/event0"
[    47.177] (II) XINPUT: Adding extended input device "Power Button" (type: KEYBOARD, id 8)
[    47.177] (**) Option "xkb_model" "pc105"
[    47.178] (**) Option "xkb_layout" "us"
[    47.178] (II) event0  - Power Button: is tagged by udev as: Keyboard
[    47.178] (II) event0  - Power Button: device is a keyboard
[    47.179] (II) config/udev: Adding input device Lid Switch (/dev/input/event1)
[    47.179] (II) No input driver specified, ignoring this device.
[    47.179] (II) This device may have been added with another device file.
[    47.180] (II) config/udev: Adding input device HDA Intel HDMI HDMI/DP,pcm=3 (/dev/input/event13)
[    47.180] (II) No input driver specified, ignoring this device.
[    47.180] (II) This device may have been added with another device file.
[    47.181] (II) config/udev: Adding input device HDA Intel HDMI HDMI/DP,pcm=7 (/dev/input/event14)
[    47.181] (II) No input driver specified, ignoring this device.
[    47.181] (II) This device may have been added with another device file.
[    47.181] (II) config/udev: Adding input device HDA Intel HDMI HDMI/DP,pcm=8 (/dev/input/event15)
[    47.181] (II) No input driver specified, ignoring this device.
[    47.181] (II) This device may have been added with another device file.
[    47.182] (II) config/udev: Adding input device HDA Intel HDMI HDMI/DP,pcm=9 (/dev/input/event16)
[    47.182] (II) No input driver specified, ignoring this device.
[    47.182] (II) This device may have been added with another device file.
[    47.182] (II) config/udev: Adding input device HDA Intel HDMI HDMI/DP,pcm=10 (/dev/input/event17)
[    47.182] (II) No input driver specified, ignoring this device.
[    47.182] (II) This device may have been added with another device file.
[    47.183] (II) config/udev: Adding input device Telink Wireless Receiver Mouse (/dev/input/event5)
[    47.183] (**) Telink Wireless Receiver Mouse: Applying InputClass "libinput pointer catchall"
[    47.183] (II) Using input driver 'libinput' for 'Telink Wireless Receiver Mouse'
[    47.184] (II) systemd-logind: got fd for /dev/input/event5 13:69 fd 26 paused 0
[    47.184] (**) Telink Wireless Receiver Mouse: always reports core events
[    47.184] (**) Option "Device" "/dev/input/event5"
[    47.184] (**) Option "_source" "server/udev"
[    47.185] (II) event5  - Telink Wireless Receiver Mouse: is tagged by udev as: Mouse
[    47.185] (II) event5  - Telink Wireless Receiver Mouse: device is a pointer
[    47.185] (II) event5  - Telink Wireless Receiver Mouse: device removed
[    47.186] (**) Option "config_info" "udev:/sys/devices/pci0000:00/0000:00:14.0/usb2/2-3/2-3:1.0/0003:248A:8367.0001/input/input6/event5"
[    47.186] (II) XINPUT: Adding extended input device "Telink Wireless Receiver Mouse" (type: MOUSE, id 9)
[    47.186] (**) Option "AccelerationScheme" "none"
[    47.186] (**) Telink Wireless Receiver Mouse: (accel) selected scheme none/0
[    47.186] (**) Telink Wireless Receiver Mouse: (accel) acceleration factor: 2.000
[    47.186] (**) Telink Wireless Receiver Mouse: (accel) acceleration threshold: 4
[    47.187] (II) event5  - Telink Wireless Receiver Mouse: is tagged by udev as: Mouse
[    47.187] (II) event5  - Telink Wireless Receiver Mouse: device is a pointer
[    47.188] (II) config/udev: Adding input device Telink Wireless Receiver Mouse (/dev/input/mouse1)
[    47.188] (II) No input driver specified, ignoring this device.
[    47.188] (II) This device may have been added with another device file.
[    47.189] (II) config/udev: Adding input device Telink Wireless Receiver Consumer Control (/dev/input/event6)
[    47.189] (**) Telink Wireless Receiver Consumer Control: Applying InputClass "libinput keyboard catchall"
[    47.189] (II) Using input driver 'libinput' for 'Telink Wireless Receiver Consumer Control'
[    47.190] (II) systemd-logind: got fd for /dev/input/event6 13:70 fd 27 paused 0
[    47.190] (**) Telink Wireless Receiver Consumer Control: always reports core events
[    47.190] (**) Option "Device" "/dev/input/event6"
[    47.190] (**) Option "_source" "server/udev"
[    47.191] (II) event6  - Telink Wireless Receiver Consumer Control: is tagged by udev as: Keyboard
[    47.191] (II) event6  - Telink Wireless Receiver Consumer Control: device is a keyboard
[    47.191] (II) event6  - Telink Wireless Receiver Consumer Control: device removed
[    47.191] (II) libinput: Telink Wireless Receiver Consumer Control: needs a virtual subdevice
[    47.191] (**) Option "config_info" "udev:/sys/devices/pci0000:00/0000:00:14.0/usb2/2-3/2-3:1.0/0003:248A:8367.0001/input/input7/event6"
[    47.191] (II) XINPUT: Adding extended input device "Telink Wireless Receiver Consumer Control" (type: MOUSE, id 10)
[    47.191] (**) Option "AccelerationScheme" "none"
[    47.191] (**) Telink Wireless Receiver Consumer Control: (accel) selected scheme none/0
[    47.191] (**) Telink Wireless Receiver Consumer Control: (accel) acceleration factor: 2.000
[    47.191] (**) Telink Wireless Receiver Consumer Control: (accel) acceleration threshold: 4
[    47.192] (II) event6  - Telink Wireless Receiver Consumer Control: is tagged by udev as: Keyboard
[    47.192] (II) event6  - Telink Wireless Receiver Consumer Control: device is a keyboard
[    47.193] (II) config/udev: Adding input device Telink Wireless Receiver System Control (/dev/input/event7)
[    47.193] (**) Telink Wireless Receiver System Control: Applying InputClass "libinput keyboard catchall"
[    47.193] (II) Using input driver 'libinput' for 'Telink Wireless Receiver System Control'
[    47.196] (II) systemd-logind: got fd for /dev/input/event7 13:71 fd 28 paused 0
[    47.196] (**) Telink Wireless Receiver System Control: always reports core events
[    47.196] (**) Option "Device" "/dev/input/event7"
[    47.196] (**) Option "_source" "server/udev"
[    47.197] (II) event7  - Telink Wireless Receiver System Control: is tagged by udev as: Keyboard
[    47.197] (II) event7  - Telink Wireless Receiver System Control: device is a keyboard
[    47.197] (II) event7  - Telink Wireless Receiver System Control: device removed
[    47.197] (**) Option "config_info" "udev:/sys/devices/pci0000:00/0000:00:14.0/usb2/2-3/2-3:1.0/0003:248A:8367.0001/input/input8/event7"
[    47.197] (II) XINPUT: Adding extended input device "Telink Wireless Receiver System Control" (type: KEYBOARD, id 11)
[    47.197] (**) Option "xkb_model" "pc105"
[    47.197] (**) Option "xkb_layout" "us"
[    47.198] (II) event7  - Telink Wireless Receiver System Control: is tagged by udev as: Keyboard
[    47.198] (II) event7  - Telink Wireless Receiver System Control: device is a keyboard
[    47.199] (II) config/udev: Adding input device Telink Wireless Receiver (/dev/input/event8)
[    47.199] (**) Telink Wireless Receiver: Applying InputClass "libinput keyboard catchall"
[    47.199] (II) Using input driver 'libinput' for 'Telink Wireless Receiver'
[    47.200] (II) systemd-logind: got fd for /dev/input/event8 13:72 fd 29 paused 0
[    47.200] (**) Telink Wireless Receiver: always reports core events
[    47.200] (**) Option "Device" "/dev/input/event8"
[    47.200] (**) Option "_source" "server/udev"
[    47.202] (II) event8  - Telink Wireless Receiver: is tagged by udev as: Keyboard
[    47.202] (II) event8  - Telink Wireless Receiver: device is a keyboard
[    47.202] (II) event8  - Telink Wireless Receiver: device removed
[    47.202] (**) Option "config_info" "udev:/sys/devices/pci0000:00/0000:00:14.0/usb2/2-3/2-3:1.1/0003:248A:8367.0002/input/input9/event8"
[    47.202] (II) XINPUT: Adding extended input device "Telink Wireless Receiver" (type: KEYBOARD, id 12)
[    47.202] (**) Option "xkb_model" "pc105"
[    47.202] (**) Option "xkb_layout" "us"
[    47.203] (II) event8  - Telink Wireless Receiver: is tagged by udev as: Keyboard
[    47.203] (II) event8  - Telink Wireless Receiver: device is a keyboard
[    47.204] (II) config/udev: Adding input device Lenovo EasyCamera: Lenovo EasyC (/dev/input/event18)
[    47.204] (**) Lenovo EasyCamera: Lenovo EasyC: Applying InputClass "libinput keyboard catchall"
[    47.204] (II) Using input driver 'libinput' for 'Lenovo EasyCamera: Lenovo EasyC'
[    47.205] (II) systemd-logind: got fd for /dev/input/event18 13:82 fd 30 paused 0
[    47.205] (**) Lenovo EasyCamera: Lenovo EasyC: always reports core events
[    47.205] (**) Option "Device" "/dev/input/event18"
[    47.205] (**) Option "_source" "server/udev"
[    47.206] (II) event18 - Lenovo EasyCamera: Lenovo EasyC: is tagged by udev as: Keyboard
[    47.206] (II) event18 - Lenovo EasyCamera: Lenovo EasyC: device is a keyboard
[    47.206] (II) event18 - Lenovo EasyCamera: Lenovo EasyC: device removed
[    47.206] (**) Option "config_info" "udev:/sys/devices/pci0000:00/0000:00:14.0/usb2/2-6/2-6:1.0/input/input19/event18"
[    47.206] (II) XINPUT: Adding extended input device "Lenovo EasyCamera: Lenovo EasyC" (type: KEYBOARD, id 13)
[    47.206] (**) Option "xkb_model" "pc105"
[    47.206] (**) Option "xkb_layout" "us"
[    47.207] (II) event18 - Lenovo EasyCamera: Lenovo EasyC: is tagged by udev as: Keyboard
[    47.207] (II) event18 - Lenovo EasyCamera: Lenovo EasyC: device is a keyboard
[    47.208] (II) config/udev: Adding input device HDA Intel PCH Mic (/dev/input/event11)
[    47.208] (II) No input driver specified, ignoring this device.
[    47.208] (II) This device may have been added with another device file.
[    47.209] (II) config/udev: Adding input device HDA Intel PCH Headphone (/dev/input/event12)
[    47.209] (II) No input driver specified, ignoring this device.
[    47.209] (II) This device may have been added with another device file.
[    47.210] (II) config/udev: Adding input device Ideapad extra buttons (/dev/input/event9)
[    47.210] (**) Ideapad extra buttons: Applying InputClass "libinput keyboard catchall"
[    47.210] (II) Using input driver 'libinput' for 'Ideapad extra buttons'
[    47.211] (II) systemd-logind: got fd for /dev/input/event9 13:73 fd 31 paused 0
[    47.211] (**) Ideapad extra buttons: always reports core events
[    47.211] (**) Option "Device" "/dev/input/event9"
[    47.211] (**) Option "_source" "server/udev"
[    47.212] (II) event9  - Ideapad extra buttons: is tagged by udev as: Keyboard
[    47.212] (II) event9  - Ideapad extra buttons: device is a keyboard
[    47.212] (II) event9  - Ideapad extra buttons: device removed
[    47.212] (**) Option "config_info" "udev:/sys/devices/pci0000:00/0000:00:1f.0/PNP0C09:00/VPC2004:00/input/input10/event9"
[    47.212] (II) XINPUT: Adding extended input device "Ideapad extra buttons" (type: KEYBOARD, id 14)
[    47.212] (**) Option "xkb_model" "pc105"
[    47.212] (**) Option "xkb_layout" "us"
[    47.213] (II) event9  - Ideapad extra buttons: is tagged by udev as: Keyboard
[    47.213] (II) event9  - Ideapad extra buttons: device is a keyboard
[    47.214] (II) config/udev: Adding input device AT Translated Set 2 keyboard (/dev/input/event3)
[    47.214] (**) AT Translated Set 2 keyboard: Applying InputClass "libinput keyboard catchall"
[    47.214] (II) Using input driver 'libinput' for 'AT Translated Set 2 keyboard'
[    47.215] (II) systemd-logind: got fd for /dev/input/event3 13:67 fd 32 paused 0
[    47.215] (**) AT Translated Set 2 keyboard: always reports core events
[    47.215] (**) Option "Device" "/dev/input/event3"
[    47.215] (**) Option "_source" "server/udev"
[    47.216] (II) event3  - AT Translated Set 2 keyboard: is tagged by udev as: Keyboard
[    47.216] (II) event3  - AT Translated Set 2 keyboard: device is a keyboard
[    47.217] (II) event3  - AT Translated Set 2 keyboard: device removed
[    47.217] (**) Option "config_info" "udev:/sys/devices/platform/i8042/serio0/input/input3/event3"
[    47.217] (II) XINPUT: Adding extended input device "AT Translated Set 2 keyboard" (type: KEYBOARD, id 15)
[    47.217] (**) Option "xkb_model" "pc105"
[    47.217] (**) Option "xkb_layout" "us"
[    47.218] (II) event3  - AT Translated Set 2 keyboard: is tagged by udev as: Keyboard
[    47.218] (II) event3  - AT Translated Set 2 keyboard: device is a keyboard
[    47.219] (II) config/udev: Adding input device ETPS/2 Elantech Touchpad (/dev/input/event4)
[    47.219] (**) ETPS/2 Elantech Touchpad: Applying InputClass "libinput touchpad catchall"
[    47.219] (II) Using input driver 'libinput' for 'ETPS/2 Elantech Touchpad'
[    47.220] (II) systemd-logind: got fd for /dev/input/event4 13:68 fd 33 paused 0
[    47.221] (**) ETPS/2 Elantech Touchpad: always reports core events
[    47.221] (**) Option "Device" "/dev/input/event4"
[    47.221] (**) Option "_source" "server/udev"
[    47.222] (II) event4  - ETPS/2 Elantech Touchpad: is tagged by udev as: Touchpad
[    47.222] (II) event4  - ETPS/2 Elantech Touchpad: device is a touchpad
[    47.222] (II) event4  - ETPS/2 Elantech Touchpad: device removed
[    47.222] (**) Option "config_info" "udev:/sys/devices/platform/i8042/serio1/input/input5/event4"
[    47.222] (II) XINPUT: Adding extended input device "ETPS/2 Elantech Touchpad" (type: TOUCHPAD, id 16)
[    47.222] (**) Option "AccelerationScheme" "none"
[    47.223] (**) ETPS/2 Elantech Touchpad: (accel) selected scheme none/0
[    47.223] (**) ETPS/2 Elantech Touchpad: (accel) acceleration factor: 2.000
[    47.223] (**) ETPS/2 Elantech Touchpad: (accel) acceleration threshold: 4
[    47.223] (II) event4  - ETPS/2 Elantech Touchpad: is tagged by udev as: Touchpad
[    47.223] (II) event4  - ETPS/2 Elantech Touchpad: device is a touchpad
[    47.224] (II) config/udev: Adding input device ETPS/2 Elantech Touchpad (/dev/input/mouse0)
[    47.224] (II) No input driver specified, ignoring this device.
[    47.224] (II) This device may have been added with another device file.
[    47.249] (**) Telink Wireless Receiver Consumer Control: Applying InputClass "libinput keyboard catchall"
[    47.249] (II) Using input driver 'libinput' for 'Telink Wireless Receiver Consumer Control'
[    47.249] (II) systemd-logind: returning pre-existing fd for /dev/input/event6 13:70
[    47.249] (**) Telink Wireless Receiver Consumer Control: always reports core events
[    47.249] (**) Option "Device" "/dev/input/event6"
[    47.249] (**) Option "_source" "_driver/libinput"
[    47.249] (II) libinput: Telink Wireless Receiver Consumer Control: is a virtual subdevice
[    47.249] (**) Option "config_info" "udev:/sys/devices/pci0000:00/0000:00:14.0/usb2/2-3/2-3:1.0/0003:248A:8367.0001/input/input7/event6"
[    47.249] (II) XINPUT: Adding extended input device "Telink Wireless Receiver Consumer Control" (type: KEYBOARD, id 17)
[    47.249] (**) Option "xkb_model" "pc105"
[    47.249] (**) Option "xkb_layout" "us"
[    52.504] (II) modeset(0): EDID vendor "CMN", prod id 5565
[    52.504] (II) modeset(0): Printing DDC gathered Modelines:
[    52.504] (II) modeset(0): Modeline "1366x768"x0.0   76.42  1366 1434 1479 1592  768 772 779 800 -hsync -vsync (48.0 kHz eP)
[   176.212] (II) event5  - Telink Wireless Receiver Mouse: SYN_DROPPED event - some input events have been lost.
[   181.342] (II) event5  - Telink Wireless Receiver Mouse: SYN_DROPPED event - some input events have been lost.
[   184.195] (II) event5  - Telink Wireless Receiver Mouse: SYN_DROPPED event - some input events have been lost.
[   186.110] (EE) client bug: timer event5 debounce: offset negative (-10ms)
[   192.652] (II) event5  - Telink Wireless Receiver Mouse: SYN_DROPPED event - some input events have been lost.
[   192.652] (II) event4  - ETPS/2 Elantech Touchpad: SYN_DROPPED event - some input events have been lost.
[   207.796] (II) event4  - ETPS/2 Elantech Touchpad: SYN_DROPPED event - some input events have been lost.
[   207.796] (EE) client bug: timer event4 tap: offset negative (-424ms)
[   208.861] (EE) client bug: timer event4 tap: offset negative (-18ms)
[   704.649] (II) event5  - Telink Wireless Receiver Mouse: SYN_DROPPED event - some input events have been lost.
[   707.105] (II) event5  - Telink Wireless Receiver Mouse: SYN_DROPPED event - some input events have been lost.
[   708.521] (II) event5  - Telink Wireless Receiver Mouse: SYN_DROPPED event - some input events have been lost.
[   712.321] (II) event5  - Telink Wireless Receiver Mouse: SYN_DROPPED event - some input events have been lost.
[   714.707] (II) event5  - Telink Wireless Receiver Mouse: SYN_DROPPED event - some input events have been lost.
[   714.707] (II) event5  - Telink Wireless Receiver Mouse: WARNING: log rate limit exceeded (5 msgs per 30000ms). Discarding future messages.
[   719.393] (EE) client bug: timer event5 debounce: offset negative (-1198ms)
[   719.394] (EE) client bug: timer event5 debounce: offset negative (-960ms)
[   719.394] (EE) client bug: timer event5 debounce short: offset negative (-973ms)
[   734.846] (II) event5  - Telink Wireless Receiver Mouse: SYN_DROPPED event - some input events have been lost.
[   737.408] (II) event5  - Telink Wireless Receiver Mouse: SYN_DROPPED event - some input events have been lost.
[   746.149] (II) event5  - Telink Wireless Receiver Mouse: SYN_DROPPED event - some input events have been lost.
[   755.636] (II) event5  - Telink Wireless Receiver Mouse: SYN_DROPPED event - some input events have been lost.
[   761.442] (II) event5  - Telink Wireless Receiver Mouse: SYN_DROPPED event - some input events have been lost.
[   761.442] (II) event5  - Telink Wireless Receiver Mouse: WARNING: log rate limit exceeded (5 msgs per 30000ms). Discarding future messages.
[   765.196] (II) event5  - Telink Wireless Receiver Mouse: SYN_DROPPED event - some input events have been lost.
[   766.892] (II) event5  - Telink Wireless Receiver Mouse: SYN_DROPPED event - some input events have been lost.
[   770.557] (II) event4  - ETPS/2 Elantech Touchpad: SYN_DROPPED event - some input events have been lost.
[   797.250] (EE) client bug: timer event4 tap: offset negative (-135ms)
[   797.465] (EE) client bug: timer event4 tap: offset negative (-258ms)
[   802.845] (II) event5  - Telink Wireless Receiver Mouse: SYN_DROPPED event - some input events have been lost.
[   805.638] (EE) client bug: timer event5 debounce: offset negative (-448ms)
[   805.638] (EE) client bug: timer event5 debounce short: offset negative (-461ms)
[   808.602] (II) event5  - Telink Wireless Receiver Mouse: SYN_DROPPED event - some input events have been lost.
[   809.717] (II) event5  - Telink Wireless Receiver Mouse: SYN_DROPPED event - some input events have been lost.
[  2205.309] (II) event5  - Telink Wireless Receiver Mouse: SYN_DROPPED event - some input events have been lost.
[  2209.515] (II) event5  - Telink Wireless Receiver Mouse: SYN_DROPPED event - some input events have been lost.
[  2210.148] (II) event5  - Telink Wireless Receiver Mouse: SYN_DROPPED event - some input events have been lost.
[  2376.849] (II) event5  - Telink Wireless Receiver Mouse: SYN_DROPPED event - some input events have been lost.
[  2712.514] (II) event5  - Telink Wireless Receiver Mouse: SYN_DROPPED event - some input events have been lost.
[  2819.470] (II) event5  - Telink Wireless Receiver Mouse: SYN_DROPPED event - some input events have been lost.
[  2841.774] (II) event5  - Telink Wireless Receiver Mouse: SYN_DROPPED event - some input events have been lost.
[  2844.156] (II) event5  - Telink Wireless Receiver Mouse: SYN_DROPPED event - some input events have been lost.
[  2845.389] (II) event5  - Telink Wireless Receiver Mouse: SYN_DROPPED event - some input events have been lost.
[  2848.546] (II) event5  - Telink Wireless Receiver Mouse: SYN_DROPPED event - some input events have been lost.
[  2848.546] (II) event5  - Telink Wireless Receiver Mouse: WARNING: log rate limit exceeded (5 msgs per 30000ms). Discarding future messages.
[  2851.125] (EE) client bug: timer event5 debounce: offset negative (-181ms)
[  2866.140] (II) event5  - Telink Wireless Receiver Mouse: SYN_DROPPED event - some input events have been lost.
[  2951.993] (EE) client bug: timer event5 debounce: offset negative (-2221ms)
[  2952.070] (EE) client bug: timer event5 debounce: offset negative (-1910ms)
[  2952.070] (EE) client bug: timer event5 debounce short: offset negative (-1923ms)
[  2963.966] (II) event5  - Telink Wireless Receiver Mouse: SYN_DROPPED event - some input events have been lost.
[  2965.730] (II) event5  - Telink Wireless Receiver Mouse: SYN_DROPPED event - some input events have been lost.
[  2967.172] (II) event5  - Telink Wireless Receiver Mouse: SYN_DROPPED event - some input events have been lost.
[  2968.260] (II) event5  - Telink Wireless Receiver Mouse: SYN_DROPPED event - some input events have been lost.
[  3019.273] (II) event5  - Telink Wireless Receiver Mouse: SYN_DROPPED event - some input events have been lost.
[  3021.801] (II) event5  - Telink Wireless Receiver Mouse: SYN_DROPPED event - some input events have been lost.
[  3048.246] (II) event5  - Telink Wireless Receiver Mouse: SYN_DROPPED event - some input events have been lost.
[  3059.024] (EE) client bug: timer event5 debounce: offset negative (-279ms)
[  3059.045] (EE) client bug: timer event5 debounce: offset negative (-49ms)
[  3059.045] (EE) client bug: timer event5 debounce short: offset negative (-62ms)
[  3065.155] (II) event5  - Telink Wireless Receiver Mouse: SYN_DROPPED event - some input events have been lost.
[  3066.018] (II) event5  - Telink Wireless Receiver Mouse: SYN_DROPPED event - some input events have been lost.
[  3070.034] (II) event5  - Telink Wireless Receiver Mouse: SYN_DROPPED event - some input events have been lost.
[  3634.635] (EE) client bug: timer event5 debounce: offset negative (-2587ms)
[  3789.607] (EE) client bug: timer event4 tap: offset negative (-537ms)
[  3793.090] (II) event5  - Telink Wireless Receiver Mouse: SYN_DROPPED event - some input events have been lost.
[  3798.699] (II) event5  - Telink Wireless Receiver Mouse: SYN_DROPPED event - some input events have been lost.
[  3799.645] (II) event5  - Telink Wireless Receiver Mouse: SYN_DROPPED event - some input events have been lost.
[  3800.519] (II) event5  - Telink Wireless Receiver Mouse: SYN_DROPPED event - some input events have been lost.
[  3803.265] (II) event5  - Telink Wireless Receiver Mouse: SYN_DROPPED event - some input events have been lost.
[  3803.265] (II) event5  - Telink Wireless Receiver Mouse: WARNING: log rate limit exceeded (5 msgs per 30000ms). Discarding future messages.
[  4830.911] (II) event5  - Telink Wireless Receiver Mouse: SYN_DROPPED event - some input events have been lost.
[  5154.451] (II) event5  - Telink Wireless Receiver Mouse: SYN_DROPPED event - some input events have been lost.
[  5156.755] (II) event5  - Telink Wireless Receiver Mouse: SYN_DROPPED event - some input events have been lost.
[  5157.273] (II) event5  - Telink Wireless Receiver Mouse: SYN_DROPPED event - some input events have been lost.
[  5157.779] (II) event5  - Telink Wireless Receiver Mouse: SYN_DROPPED event - some input events have been lost.
[  6245.018] (II) event5  - Telink Wireless Receiver Mouse: SYN_DROPPED event - some input events have been lost.
[  6247.612] (II) event5  - Telink Wireless Receiver Mouse: SYN_DROPPED event - some input events have been lost.
[  6493.251] (II) event5  - Telink Wireless Receiver Mouse: SYN_DROPPED event - some input events have been lost.
[  6494.202] (II) event5  - Telink Wireless Receiver Mouse: SYN_DROPPED event - some input events have been lost.
[  6510.325] (II) event5  - Telink Wireless Receiver Mouse: SYN_DROPPED event - some input events have been lost.
[  6512.867] (II) event5  - Telink Wireless Receiver Mouse: SYN_DROPPED event - some input events have been lost.
[  6567.197] (II) event5  - Telink Wireless Receiver Mouse: SYN_DROPPED event - some input events have been lost.
[  7691.670] (II) event5  - Telink Wireless Receiver Mouse: SYN_DROPPED event - some input events have been lost.
[  7693.930] (II) event5  - Telink Wireless Receiver Mouse: SYN_DROPPED event - some input events have been lost.
[  7700.109] (EE) client bug: timer event5 debounce: offset negative (-720ms)
[  7700.109] (EE) client bug: timer event5 debounce short: offset negative (-733ms)
[  7712.345] (II) event5  - Telink Wireless Receiver Mouse: SYN_DROPPED event - some input events have been lost.
[  7717.354] (II) event5  - Telink Wireless Receiver Mouse: SYN_DROPPED event - some input events have been lost.
[  7718.332] (II) event5  - Telink Wireless Receiver Mouse: SYN_DROPPED event - some input events have been lost.
[  7718.332] (II) event5  - Telink Wireless Receiver Mouse: WARNING: log rate limit exceeded (5 msgs per 30000ms). Discarding future messages.
[  7722.496] (II) event5  - Telink Wireless Receiver Mouse: SYN_DROPPED event - some input events have been lost.
[  7722.861] (II) event5  - Telink Wireless Receiver Mouse: SYN_DROPPED event - some input events have been lost.
[  7723.608] (II) event5  - Telink Wireless Receiver Mouse: SYN_DROPPED event - some input events have been lost.
[  7726.799] (EE) client bug: timer event5 debounce: offset negative (-18ms)
[  7727.044] (EE) client bug: timer event5 debounce: offset negative (-78ms)
[  7727.044] (EE) client bug: timer event5 debounce short: offset negative (-92ms)
[  7733.261] (II) event5  - Telink Wireless Receiver Mouse: SYN_DROPPED event - some input events have been lost.
[ 10157.348] (II) event5  - Telink Wireless Receiver Mouse: SYN_DROPPED event - some input events have been lost.
[ 10158.512] (II) event5  - Telink Wireless Receiver Mouse: SYN_DROPPED event - some input events have been lost.
[ 10166.686] (II) event5  - Telink Wireless Receiver Mouse: SYN_DROPPED event - some input events have been lost.
[ 10167.787] (II) event5  - Telink Wireless Receiver Mouse: SYN_DROPPED event - some input events have been lost.
[ 10191.158] (II) event5  - Telink Wireless Receiver Mouse: SYN_DROPPED event - some input events have been lost.
[ 10223.515] (II) event5  - Telink Wireless Receiver Mouse: SYN_DROPPED event - some input events have been lost.
[ 10299.066] (II) event5  - Telink Wireless Receiver Mouse: SYN_DROPPED event - some input events have been lost.
[ 10299.294] (EE) client bug: timer event5 debounce: offset negative (-518ms)
[ 10299.294] (EE) client bug: timer event5 debounce short: offset negative (-531ms)
[ 10300.540] (II) event5  - Telink Wireless Receiver Mouse: SYN_DROPPED event - some input events have been lost.
[ 10342.727] (II) event5  - Telink Wireless Receiver Mouse: SYN_DROPPED event - some input events have been lost.
[ 10345.519] (II) event5  - Telink Wireless Receiver Mouse: SYN_DROPPED event - some input events have been lost.
[ 10347.478] (II) event5  - Telink Wireless Receiver Mouse: SYN_DROPPED event - some input events have been lost.
[ 10367.466] (II) event5  - Telink Wireless Receiver Mouse: SYN_DROPPED event - some input events have been lost.
[ 10368.059] (II) event5  - Telink Wireless Receiver Mouse: SYN_DROPPED event - some input events have been lost.
[ 10368.059] (II) event5  - Telink Wireless Receiver Mouse: WARNING: log rate limit exceeded (5 msgs per 30000ms). Discarding future messages.
[ 10378.577] (II) event5  - Telink Wireless Receiver Mouse: SYN_DROPPED event - some input events have been lost.
[ 10433.062] (II) event5  - Telink Wireless Receiver Mouse: SYN_DROPPED event - some input events have been lost.
[ 10436.006] (II) event5  - Telink Wireless Receiver Mouse: SYN_DROPPED event - some input events have been lost.
[ 10437.096] (II) event5  - Telink Wireless Receiver Mouse: SYN_DROPPED event - some input events have been lost.
[ 10438.115] (II) event5  - Telink Wireless Receiver Mouse: SYN_DROPPED event - some input events have been lost.
[ 10447.996] (EE) client bug: timer event5 debounce: offset negative (-16ms)
[ 10450.528] (II) event5  - Telink Wireless Receiver Mouse: SYN_DROPPED event - some input events have been lost.
[ 10450.528] (II) event5  - Telink Wireless Receiver Mouse: WARNING: log rate limit exceeded (5 msgs per 30000ms). Discarding future messages.
[ 10450.949] (EE) client bug: timer event5 debounce: offset negative (-17ms)
[ 10450.949] (EE) client bug: timer event5 debounce short: offset negative (-30ms)
[ 10462.886] (EE) client bug: timer event5 debounce: offset negative (-190ms)
[ 10462.886] (EE) client bug: timer event5 debounce short: offset negative (-11ms)
[ 10463.382] (II) event5  - Telink Wireless Receiver Mouse: SYN_DROPPED event - some input events have been lost.
[ 10466.559] (II) event5  - Telink Wireless Receiver Mouse: SYN_DROPPED event - some input events have been lost.
[ 10470.888] (II) event5  - Telink Wireless Receiver Mouse: SYN_DROPPED event - some input events have been lost.
[ 10473.514] (EE) client bug: timer event5 debounce: offset negative (-322ms)
[ 10476.349] (II) event5  - Telink Wireless Receiver Mouse: SYN_DROPPED event - some input events have been lost.
[ 10477.760] (II) event5  - Telink Wireless Receiver Mouse: SYN_DROPPED event - some input events have been lost.
[ 10477.760] (II) event5  - Telink Wireless Receiver Mouse: WARNING: log rate limit exceeded (5 msgs per 30000ms). Discarding future messages.
[ 10551.139] (II) event5  - Telink Wireless Receiver Mouse: SYN_DROPPED event - some input events have been lost.
[ 10666.838] (II) event5  - Telink Wireless Receiver Mouse: SYN_DROPPED event - some input events have been lost.
[ 10668.675] (II) event5  - Telink Wireless Receiver Mouse: SYN_DROPPED event - some input events have been lost.
[ 10671.140] (II) event5  - Telink Wireless Receiver Mouse: SYN_DROPPED event - some input events have been lost.
[ 10675.030] (II) event5  - Telink Wireless Receiver Mouse: SYN_DROPPED event - some input events have been lost.
[ 10678.293] (II) event5  - Telink Wireless Receiver Mouse: SYN_DROPPED event - some input events have been lost.
[ 10678.293] (II) event5  - Telink Wireless Receiver Mouse: WARNING: log rate limit exceeded (5 msgs per 30000ms). Discarding future messages.
[ 10717.214] (II) event5  - Telink Wireless Receiver Mouse: SYN_DROPPED event - some input events have been lost.
[ 10719.632] (II) event5  - Telink Wireless Receiver Mouse: SYN_DROPPED event - some input events have been lost.
[ 10728.936] (EE) client bug: timer event5 debounce: offset negative (-40ms)
[ 10731.838] (II) event5  - Telink Wireless Receiver Mouse: SYN_DROPPED event - some input events have been lost.
[ 10732.346] (II) event5  - Telink Wireless Receiver Mouse: SYN_DROPPED event - some input events have been lost.
[ 10985.309] (II) event5  - Telink Wireless Receiver Mouse: SYN_DROPPED event - some input events have been lost.
[ 10996.195] (II) event5  - Telink Wireless Receiver Mouse: SYN_DROPPED event - some input events have been lost.
[ 10997.911] (II) event5  - Telink Wireless Receiver Mouse: SYN_DROPPED event - some input events have been lost.
[ 11000.450] (II) event5  - Telink Wireless Receiver Mouse: SYN_DROPPED event - some input events have been lost.
[ 11014.219] (II) event5  - Telink Wireless Receiver Mouse: SYN_DROPPED event - some input events have been lost.
[ 11014.219] (II) event5  - Telink Wireless Receiver Mouse: WARNING: log rate limit exceeded (5 msgs per 30000ms). Discarding future messages.
[ 11016.515] (II) event5  - Telink Wireless Receiver Mouse: SYN_DROPPED event - some input events have been lost.
[ 11017.930] (II) event5  - Telink Wireless Receiver Mouse: SYN_DROPPED event - some input events have been lost.
[ 11045.086] (II) event5  - Telink Wireless Receiver Mouse: SYN_DROPPED event - some input events have been lost.
[ 11046.529] (II) event5  - Telink Wireless Receiver Mouse: SYN_DROPPED event - some input events have been lost.
[ 11084.199] (II) event5  - Telink Wireless Receiver Mouse: SYN_DROPPED event - some input events have been lost.
[ 11461.698] (II) event5  - Telink Wireless Receiver Mouse: SYN_DROPPED event - some input events have been lost.
[ 11525.303] (II) event5  - Telink Wireless Receiver Mouse: SYN_DROPPED event - some input events have been lost.
[ 11525.891] (II) event5  - Telink Wireless Receiver Mouse: SYN_DROPPED event - some input events have been lost.
[ 11526.659] (II) event5  - Telink Wireless Receiver Mouse: SYN_DROPPED event - some input events have been lost.
[ 11528.045] (II) event5  - Telink Wireless Receiver Mouse: SYN_DROPPED event - some input events have been lost.
[ 11538.723] (II) event5  - Telink Wireless Receiver Mouse: SYN_DROPPED event - some input events have been lost.
[ 11538.820] (II) event5  - Telink Wireless Receiver Mouse: WARNING: log rate limit exceeded (5 msgs per 30000ms). Discarding future messages.
[ 11622.273] (II) event5  - Telink Wireless Receiver Mouse: SYN_DROPPED event - some input events have been lost.
[ 11623.824] (II) event5  - Telink Wireless Receiver Mouse: SYN_DROPPED event - some input events have been lost.
[ 11699.890] (II) event5  - Telink Wireless Receiver Mouse: SYN_DROPPED event - some input events have been lost.
[ 11791.895] (II) event5  - Telink Wireless Receiver Mouse: SYN_DROPPED event - some input events have been lost.
[ 11792.688] (II) event5  - Telink Wireless Receiver Mouse: SYN_DROPPED event - some input events have been lost.
[ 11794.575] (II) event5  - Telink Wireless Receiver Mouse: SYN_DROPPED event - some input events have been lost.
[ 11839.546] (II) event5  - Telink Wireless Receiver Mouse: SYN_DROPPED event - some input events have been lost.
[ 11893.341] (II) event5  - Telink Wireless Receiver Mouse: SYN_DROPPED event - some input events have been lost.
[ 11894.140] (II) event5  - Telink Wireless Receiver Mouse: SYN_DROPPED event - some input events have been lost.
[ 11894.675] (II) event5  - Telink Wireless Receiver Mouse: SYN_DROPPED event - some input events have been lost.
[ 12053.883] (II) event5  - Telink Wireless Receiver Mouse: SYN_DROPPED event - some input events have been lost.
[ 12085.250] (II) event5  - Telink Wireless Receiver Mouse: SYN_DROPPED event - some input events have been lost.
[ 12086.072] (II) event5  - Telink Wireless Receiver Mouse: SYN_DROPPED event - some input events have been lost.
[ 12086.644] (II) event5  - Telink Wireless Receiver Mouse: SYN_DROPPED event - some input events have been lost.
[ 12097.049] (II) event5  - Telink Wireless Receiver Mouse: SYN_DROPPED event - some input events have been lost.
[ 12190.499] (EE) client bug: timer event5 debounce: offset negative (-102ms)
[ 12190.825] (EE) client bug: timer event5 debounce: offset negative (-128ms)
[ 12190.825] (EE) client bug: timer event5 debounce short: offset negative (-142ms)
[ 12206.683] (II) event5  - Telink Wireless Receiver Mouse: SYN_DROPPED event - some input events have been lost.
[ 12213.957] (II) event5  - Telink Wireless Receiver Mouse: SYN_DROPPED event - some input events have been lost.
[ 12360.831] (II) event5  - Telink Wireless Receiver Mouse: SYN_DROPPED event - some input events have been lost.
[ 12371.235] (II) event5  - Telink Wireless Receiver Mouse: SYN_DROPPED event - some input events have been lost.
[ 12416.745] (EE) client bug: timer event5 debounce: offset negative (-1770ms)
[ 12416.745] (EE) client bug: timer event5 debounce: offset negative (-1559ms)
[ 12416.745] (EE) client bug: timer event5 debounce short: offset negative (-1572ms)
[ 12416.745] (EE) client bug: timer event5 debounce: offset negative (-1391ms)
[ 12416.745] (EE) client bug: timer event5 debounce: offset negative (-1171ms)
[ 12416.745] (EE) client bug: timer event5 debounce short: offset negative (-1184ms)
[ 12416.745] (EE) client bug: timer event5 debounce: offset negative (-263ms)
[ 12416.746] (EE) client bug: timer event5 debounce: offset negative (-87ms)
[ 12416.746] (EE) client bug: timer event5 debounce short: offset negative (-100ms)
[ 12418.371] (II) event5  - Telink Wireless Receiver Mouse: SYN_DROPPED event - some input events have been lost.
[ 12424.913] (II) event5  - Telink Wireless Receiver Mouse: SYN_DROPPED event - some input events have been lost.
[ 12427.107] (II) event5  - Telink Wireless Receiver Mouse: SYN_DROPPED event - some input events have been lost.
[ 12431.823] (II) event5  - Telink Wireless Receiver Mouse: SYN_DROPPED event - some input events have been lost.
[ 12457.407] (II) event5  - Telink Wireless Receiver Mouse: SYN_DROPPED event - some input events have been lost.
[ 12505.962] (II) event5  - Telink Wireless Receiver Mouse: SYN_DROPPED event - some input events have been lost.
[ 12507.051] (II) event5  - Telink Wireless Receiver Mouse: SYN_DROPPED event - some input events have been lost.
[ 12508.034] (II) event5  - Telink Wireless Receiver Mouse: SYN_DROPPED event - some input events have been lost.
[ 12533.243] (II) event5  - Telink Wireless Receiver Mouse: SYN_DROPPED event - some input events have been lost.
[ 12534.358] (II) event5  - Telink Wireless Receiver Mouse: SYN_DROPPED event - some input events have been lost.
[ 12534.358] (II) event5  - Telink Wireless Receiver Mouse: WARNING: log rate limit exceeded (5 msgs per 30000ms). Discarding future messages.
[ 12536.184] (II) event5  - Telink Wireless Receiver Mouse: SYN_DROPPED event - some input events have been lost.
[ 13012.756] (II) event5  - Telink Wireless Receiver Mouse: SYN_DROPPED event - some input events have been lost.
[ 13020.553] (II) event5  - Telink Wireless Receiver Mouse: SYN_DROPPED event - some input events have been lost.
[ 13027.724] (II) event5  - Telink Wireless Receiver Mouse: SYN_DROPPED event - some input events have been lost.
[ 13031.456] (II) event5  - Telink Wireless Receiver Mouse: SYN_DROPPED event - some input events have been lost.
[ 13032.641] (II) event5  - Telink Wireless Receiver Mouse: SYN_DROPPED event - some input events have been lost.
[ 13032.641] (II) event5  - Telink Wireless Receiver Mouse: WARNING: log rate limit exceeded (5 msgs per 30000ms). Discarding future messages.
[ 13073.731] (EE) client bug: timer event4 keyboard: offset negative (-214ms)
[ 13545.504] (II) event5  - Telink Wireless Receiver Mouse: SYN_DROPPED event - some input events have been lost.
[ 13575.195] (II) event5  - Telink Wireless Receiver Mouse: SYN_DROPPED event - some input events have been lost.
[ 13575.195] (EE) client bug: timer event4 keyboard: offset negative (-2352ms)
[ 13575.195] (EE) client bug: timer event4 keyboard: offset negative (-1884ms)
[ 13575.195] (EE) client bug: timer event4 keyboard: offset negative (-1570ms)
[ 13575.195] (EE) client bug: timer event4 keyboard: offset negative (-1348ms)
[ 13575.195] (EE) client bug: timer event4 keyboard: offset negative (-549ms)
[ 13590.270] (II) event5  - Telink Wireless Receiver Mouse: SYN_DROPPED event - some input events have been lost.
[ 14038.139] (II) event5  - Telink Wireless Receiver Mouse: SYN_DROPPED event - some input events have been lost.
[ 14040.958] (II) event5  - Telink Wireless Receiver Mouse: SYN_DROPPED event - some input events have been lost.
[ 14185.396] (II) event5  - Telink Wireless Receiver Mouse: SYN_DROPPED event - some input events have been lost.
[ 14186.426] (II) event5  - Telink Wireless Receiver Mouse: SYN_DROPPED event - some input events have been lost.
[ 14188.209] (II) event5  - Telink Wireless Receiver Mouse: SYN_DROPPED event - some input events have been lost.
[ 14192.959] (II) event5  - Telink Wireless Receiver Mouse: SYN_DROPPED event - some input events have been lost.
[ 14193.850] (II) event5  - Telink Wireless Receiver Mouse: SYN_DROPPED event - some input events have been lost.
[ 14193.850] (II) event5  - Telink Wireless Receiver Mouse: WARNING: log rate limit exceeded (5 msgs per 30000ms). Discarding future messages.
[ 14871.109] (II) event5  - Telink Wireless Receiver Mouse: SYN_DROPPED event - some input events have been lost.
[ 14881.342] (II) event5  - Telink Wireless Receiver Mouse: SYN_DROPPED event - some input events have been lost.
[ 14920.674] (II) event5  - Telink Wireless Receiver Mouse: SYN_DROPPED event - some input events have been lost.
[ 14922.663] (II) event5  - Telink Wireless Receiver Mouse: SYN_DROPPED event - some input events have been lost.
[ 14935.338] (II) event5  - Telink Wireless Receiver Mouse: SYN_DROPPED event - some input events have been lost.
[ 14935.338] (EE) client bug: timer event5 debounce: offset negative (-26ms)
[ 14935.338] (EE) client bug: timer event5 debounce short: offset negative (-39ms)
[ 14945.804] (II) event5  - Telink Wireless Receiver Mouse: SYN_DROPPED event - some input events have been lost.
[ 14963.466] (II) event5  - Telink Wireless Receiver Mouse: SYN_DROPPED event - some input events have been lost.
[ 14971.613] (II) event5  - Telink Wireless Receiver Mouse: SYN_DROPPED event - some input events have been lost.
[ 14979.733] (II) event5  - Telink Wireless Receiver Mouse: SYN_DROPPED event - some input events have been lost.
[ 14995.680] (II) event5  - Telink Wireless Receiver Mouse: SYN_DROPPED event - some input events have been lost.
[ 15127.921] (II) event5  - Telink Wireless Receiver Mouse: SYN_DROPPED event - some input events have been lost.
[ 15134.925] (II) event5  - Telink Wireless Receiver Mouse: SYN_DROPPED event - some input events have been lost.
[ 15175.916] (II) event5  - Telink Wireless Receiver Mouse: SYN_DROPPED event - some input events have been lost.
[ 15180.235] (II) event5  - Telink Wireless Receiver Mouse: SYN_DROPPED event - some input events have been lost.
[ 15187.399] (II) event5  - Telink Wireless Receiver Mouse: SYN_DROPPED event - some input events have been lost.
[ 15256.911] (II) event5  - Telink Wireless Receiver Mouse: SYN_DROPPED event - some input events have been lost.
[ 15257.851] (II) event5  - Telink Wireless Receiver Mouse: SYN_DROPPED event - some input events have been lost.
[ 15260.192] (II) event5  - Telink Wireless Receiver Mouse: SYN_DROPPED event - some input events have been lost.
[ 15263.676] (EE) client bug: timer event4 keyboard: offset negative (-1103ms)
[ 15322.712] (II) event5  - Telink Wireless Receiver Mouse: SYN_DROPPED event - some input events have been lost.
[ 15324.529] (II) event5  - Telink Wireless Receiver Mouse: SYN_DROPPED event - some input events have been lost.
[ 15326.072] (II) event5  - Telink Wireless Receiver Mouse: SYN_DROPPED event - some input events have been lost.
[ 15327.689] (II) event5  - Telink Wireless Receiver Mouse: SYN_DROPPED event - some input events have been lost.
[ 15331.688] (II) event5  - Telink Wireless Receiver Mouse: SYN_DROPPED event - some input events have been lost.
[ 15331.688] (II) event5  - Telink Wireless Receiver Mouse: WARNING: log rate limit exceeded (5 msgs per 30000ms). Discarding future messages.
[ 16056.718] (II) event5  - Telink Wireless Receiver Mouse: SYN_DROPPED event - some input events have been lost.
[ 16058.466] (II) event5  - Telink Wireless Receiver Mouse: SYN_DROPPED event - some input events have been lost.
