[2020-03-12 11:37:44.872] [exthost] [info] extension host started
[2020-03-12 11:37:44.990] [exthost] [info] ExtensionService#_doActivateExtension vscode.debug-auto-launch {"startup":true,"extensionId":{"value":"vscode.debug-auto-launch","_lower":"vscode.debug-auto-launch"},"activationEvent":"*"}
[2020-03-12 11:37:44.990] [exthost] [info] ExtensionService#loadCommonJSModule file:///snap/code/26/usr/share/code/resources/app/extensions/debug-auto-launch/dist/extension
[2020-03-12 11:37:45.108] [exthost] [info] ExtensionService#_doActivateExtension vscode.emmet {"startup":true,"extensionId":{"value":"vscode.emmet","_lower":"vscode.emmet"},"activationEvent":"*"}
[2020-03-12 11:37:45.109] [exthost] [info] ExtensionService#loadCommonJSModule file:///snap/code/26/usr/share/code/resources/app/extensions/emmet/dist/extension
[2020-03-12 11:37:45.229] [exthost] [info] ExtensionService#_doActivateExtension vscode.git {"startup":true,"extensionId":{"value":"vscode.git","_lower":"vscode.git"},"activationEvent":"*"}
[2020-03-12 11:37:45.229] [exthost] [info] ExtensionService#loadCommonJSModule file:///snap/code/26/usr/share/code/resources/app/extensions/git/dist/main
[2020-03-12 11:37:46.124] [exthost] [info] ExtensionService#_doActivateExtension vscode.github-authentication {"startup":true,"extensionId":{"value":"vscode.github-authentication","_lower":"vscode.github-authentication"},"activationEvent":"*"}
[2020-03-12 11:37:46.124] [exthost] [info] ExtensionService#loadCommonJSModule file:///snap/code/26/usr/share/code/resources/app/extensions/github-authentication/dist/extension.js
[2020-03-12 11:37:46.326] [exthost] [info] ExtensionService#_doActivateExtension vscode.merge-conflict {"startup":true,"extensionId":{"value":"vscode.merge-conflict","_lower":"vscode.merge-conflict"},"activationEvent":"*"}
[2020-03-12 11:37:46.326] [exthost] [info] ExtensionService#loadCommonJSModule file:///snap/code/26/usr/share/code/resources/app/extensions/merge-conflict/dist/extension
[2020-03-12 11:37:46.402] [exthost] [info] ExtensionService#_doActivateExtension vscode.search-result {"startup":true,"extensionId":{"value":"vscode.search-result","_lower":"vscode.search-result"},"activationEvent":"*"}
[2020-03-12 11:37:46.403] [exthost] [info] ExtensionService#loadCommonJSModule file:///snap/code/26/usr/share/code/resources/app/extensions/search-result/dist/extension.js
[2020-03-12 11:37:46.799] [exthost] [info] ExtensionService#_doActivateExtension vscode.vscode-account {"startup":true,"extensionId":{"value":"vscode.vscode-account","_lower":"vscode.vscode-account"},"activationEvent":"*"}
[2020-03-12 11:37:46.800] [exthost] [info] ExtensionService#loadCommonJSModule file:///snap/code/26/usr/share/code/resources/app/extensions/vscode-account/dist/extension.js
[2020-03-12 11:37:47.193] [exthost] [info] eager extensions activated
[2020-03-12 11:39:24.652] [exthost] [info] ExtensionService#_doActivateExtension vscode.css-language-features {"startup":false,"extensionId":{"value":"vscode.css-language-features","_lower":"vscode.css-language-features"},"activationEvent":"onLanguage:css"}
[2020-03-12 11:39:24.653] [exthost] [info] ExtensionService#loadCommonJSModule file:///snap/code/26/usr/share/code/resources/app/extensions/css-language-features/client/dist/cssMain
[2020-03-12 11:44:31.453] [exthost] [info] ExtensionService#_doActivateExtension vscode.html-language-features {"startup":false,"extensionId":{"value":"vscode.html-language-features","_lower":"vscode.html-language-features"},"activationEvent":"onLanguage:html"}
[2020-03-12 11:44:31.490] [exthost] [info] ExtensionService#loadCommonJSModule file:///snap/code/26/usr/share/code/resources/app/extensions/html-language-features/client/dist/htmlMain
[2020-03-12 11:46:24.577] [exthost] [info] ExtensionService#_doActivateExtension ritwickdey.LiveServer {"startup":false,"extensionId":{"value":"ritwickdey.LiveServer","_lower":"ritwickdey.liveserver"},"activationEvent":"*"}
[2020-03-12 11:46:24.577] [exthost] [info] ExtensionService#loadCommonJSModule file:///home/liban/.vscode/extensions/ritwickdey.liveserver-5.6.1/out/src/extension
[2020-03-12 12:08:53.891] [exthost] [info] extension host started
[2020-03-12 12:08:54.176] [exthost] [info] ExtensionService#_doActivateExtension vscode.css-language-features {"startup":false,"extensionId":{"value":"vscode.css-language-features","_lower":"vscode.css-language-features"},"activationEvent":"onLanguage:css"}
[2020-03-12 12:08:54.176] [exthost] [info] ExtensionService#loadCommonJSModule file:///snap/code/26/usr/share/code/resources/app/extensions/css-language-features/client/dist/cssMain
[2020-03-12 12:08:54.585] [exthost] [info] ExtensionService#_doActivateExtension vscode.emmet {"startup":false,"extensionId":{"value":"vscode.emmet","_lower":"vscode.emmet"},"activationEvent":"onLanguage:css"}
[2020-03-12 12:08:54.586] [exthost] [info] ExtensionService#loadCommonJSModule file:///snap/code/26/usr/share/code/resources/app/extensions/emmet/dist/extension
[2020-03-12 12:08:54.722] [exthost] [info] ExtensionService#_doActivateExtension vscode.debug-auto-launch {"startup":true,"extensionId":{"value":"vscode.debug-auto-launch","_lower":"vscode.debug-auto-launch"},"activationEvent":"*"}
[2020-03-12 12:08:54.722] [exthost] [info] ExtensionService#loadCommonJSModule file:///snap/code/26/usr/share/code/resources/app/extensions/debug-auto-launch/dist/extension
[2020-03-12 12:08:55.516] [exthost] [info] ExtensionService#_doActivateExtension vscode.git {"startup":true,"extensionId":{"value":"vscode.git","_lower":"vscode.git"},"activationEvent":"*"}
[2020-03-12 12:08:55.517] [exthost] [info] ExtensionService#loadCommonJSModule file:///snap/code/26/usr/share/code/resources/app/extensions/git/dist/main
[2020-03-12 12:08:55.846] [exthost] [info] ExtensionService#_doActivateExtension vscode.github-authentication {"startup":true,"extensionId":{"value":"vscode.github-authentication","_lower":"vscode.github-authentication"},"activationEvent":"*"}
[2020-03-12 12:08:55.846] [exthost] [info] ExtensionService#loadCommonJSModule file:///snap/code/26/usr/share/code/resources/app/extensions/github-authentication/dist/extension.js
[2020-03-12 12:08:56.439] [exthost] [info] ExtensionService#_doActivateExtension vscode.merge-conflict {"startup":true,"extensionId":{"value":"vscode.merge-conflict","_lower":"vscode.merge-conflict"},"activationEvent":"*"}
[2020-03-12 12:08:56.440] [exthost] [info] ExtensionService#loadCommonJSModule file:///snap/code/26/usr/share/code/resources/app/extensions/merge-conflict/dist/extension
[2020-03-12 12:08:56.612] [exthost] [info] ExtensionService#_doActivateExtension vscode.search-result {"startup":true,"extensionId":{"value":"vscode.search-result","_lower":"vscode.search-result"},"activationEvent":"*"}
[2020-03-12 12:08:56.612] [exthost] [info] ExtensionService#loadCommonJSModule file:///snap/code/26/usr/share/code/resources/app/extensions/search-result/dist/extension.js
[2020-03-12 12:08:57.123] [exthost] [info] ExtensionService#_doActivateExtension vscode.vscode-account {"startup":true,"extensionId":{"value":"vscode.vscode-account","_lower":"vscode.vscode-account"},"activationEvent":"*"}
[2020-03-12 12:08:57.123] [exthost] [info] ExtensionService#loadCommonJSModule file:///snap/code/26/usr/share/code/resources/app/extensions/vscode-account/dist/extension.js
[2020-03-12 12:08:57.173] [exthost] [info] ExtensionService#_doActivateExtension ritwickdey.LiveServer {"startup":true,"extensionId":{"value":"ritwickdey.LiveServer","_lower":"ritwickdey.liveserver"},"activationEvent":"*"}
[2020-03-12 12:08:57.174] [exthost] [info] ExtensionService#loadCommonJSModule file:///home/liban/.vscode/extensions/ritwickdey.liveserver-5.6.1/out/src/extension
