Looking for git in: git
Using git 2.17.1 from git
> git rev-parse --show-toplevel
> git rev-parse --git-dir
Open repository: /home/liban/document/moringa-school-projects/cookie-recipe/my-first-website
> git status -z -u
> git symbolic-ref --short HEAD
> git rev-parse master
> git rev-parse --symbolic-full-name master@{u}
fatal: no upstream configured for branch 'master'
> git for-each-ref --format %(refname) %(objectname) --sort -committerdate
> git remote --verbose
> git config --get commit.template
> git check-ignore -v -z --stdin
> git show :README.md
> git ls-files --stage -- /home/liban/document/moringa-school-projects/cookie-recipe/my-first-website/README.md
> git show :css/styles.css
> git ls-files --stage -- /home/liban/document/moringa-school-projects/cookie-recipe/my-first-website/css/styles.css
> git show :my-first-website.html
> git ls-files --stage -- /home/liban/document/moringa-school-projects/cookie-recipe/my-first-website/my-first-website.html
> git cat-file -s 3e96f18e2e0d47b08f02972592490a9b15a18ae9
> git show :css/styles.css
> git ls-files --stage -- /home/liban/document/moringa-school-projects/cookie-recipe/my-first-website/css/styles.css
> git status -z -u
> git symbolic-ref --short HEAD
> git rev-parse master
> git rev-parse --symbolic-full-name master@{u}
fatal: no upstream configured for branch 'master'
> git for-each-ref --format %(refname) %(objectname) --sort -committerdate
> git remote --verbose
> git config --get commit.template
> git show :my-first-website.html
> git ls-files --stage -- /home/liban/document/moringa-school-projects/cookie-recipe/my-first-website/my-first-website.html
> git cat-file -s 3e96f18e2e0d47b08f02972592490a9b15a18ae9
> git status -z -u
> git symbolic-ref --short HEAD
> git rev-parse master
> git rev-parse --symbolic-full-name master@{u}
fatal: no upstream configured for branch 'master'
> git for-each-ref --format %(refname) %(objectname) --sort -committerdate
> git remote --verbose
> git config --get commit.template
> git show :css/styles.css
> git ls-files --stage -- /home/liban/document/moringa-school-projects/cookie-recipe/my-first-website/css/styles.css
> git status -z -u
> git symbolic-ref --short HEAD
> git rev-parse master
> git rev-parse --symbolic-full-name master@{u}
fatal: no upstream configured for branch 'master'
> git for-each-ref --format %(refname) %(objectname) --sort -committerdate
> git remote --verbose
> git config --get commit.template
> git status -z -u
> git symbolic-ref --short HEAD
> git rev-parse master
> git rev-parse --symbolic-full-name master@{u}
fatal: no upstream configured for branch 'master'
> git for-each-ref --format %(refname) %(objectname) --sort -committerdate
> git remote --verbose
> git config --get commit.template
> git show :my-first-website.html
> git ls-files --stage -- /home/liban/document/moringa-school-projects/cookie-recipe/my-first-website/my-first-website.html
> git cat-file -s 3e96f18e2e0d47b08f02972592490a9b15a18ae9
> git show :css/styles.css
> git ls-files --stage -- /home/liban/document/moringa-school-projects/cookie-recipe/my-first-website/css/styles.css
> git show :my-first-website.html
> git ls-files --stage -- /home/liban/document/moringa-school-projects/cookie-recipe/my-first-website/my-first-website.html
> git cat-file -s 3e96f18e2e0d47b08f02972592490a9b15a18ae9
> git status -z -u
> git symbolic-ref --short HEAD
> git rev-parse master
> git rev-parse --symbolic-full-name master@{u}
fatal: no upstream configured for branch 'master'
> git for-each-ref --format %(refname) %(objectname) --sort -committerdate
> git remote --verbose
> git config --get commit.template
> git show :css/styles.css
> git ls-files --stage -- /home/liban/document/moringa-school-projects/cookie-recipe/my-first-website/css/styles.css
> git status -z -u
> git symbolic-ref --short HEAD
> git rev-parse master
> git rev-parse --symbolic-full-name master@{u}
fatal: no upstream configured for branch 'master'
> git for-each-ref --format %(refname) %(objectname) --sort -committerdate
> git remote --verbose
> git config --get commit.template
> git check-ignore -v -z --stdin
> git status -z -u
> git symbolic-ref --short HEAD
> git rev-parse master
> git rev-parse --symbolic-full-name master@{u}
fatal: no upstream configured for branch 'master'
> git for-each-ref --format %(refname) %(objectname) --sort -committerdate
> git remote --verbose
> git ls-files --stage -- /home/liban/document/moringa-school-projects/cookie-recipe/my-first-website/css/styles.css
> git config --get commit.template
> git cat-file -s efa7f4b428a064e43ea329b4164f555ab641179b
> git show :css/styles.css
> git status -z -u
> git symbolic-ref --short HEAD
> git rev-parse master
> git rev-parse --symbolic-full-name master@{u}
fatal: no upstream configured for branch 'master'
> git for-each-ref --format %(refname) %(objectname) --sort -committerdate
> git remote --verbose
> git config --get commit.template
> git status -z -u
> git symbolic-ref --short HEAD
> git rev-parse master
> git rev-parse --symbolic-full-name master@{u}
fatal: no upstream configured for branch 'master'
> git for-each-ref --format %(refname) %(objectname) --sort -committerdate
> git remote --verbose
> git config --get commit.template
> git status -z -u
> git symbolic-ref --short HEAD
> git rev-parse master
> git rev-parse --symbolic-full-name master@{u}
fatal: no upstream configured for branch 'master'
> git for-each-ref --format %(refname) %(objectname) --sort -committerdate
> git remote --verbose
> git config --get commit.template
> git status -z -u
> git symbolic-ref --short HEAD
> git rev-parse master
> git rev-parse --symbolic-full-name master@{u}
fatal: no upstream configured for branch 'master'
> git for-each-ref --format %(refname) %(objectname) --sort -committerdate
> git remote --verbose
> git config --get commit.template
> git show :index.html
> git ls-files --stage -- /home/liban/document/moringa-school-projects/cookie-recipe/my-first-website/index.html
> git cat-file -s c58615f1402bc3d9015d1c5e9f319be6a5edf180
> git show :css/styles.css
> git ls-files --stage -- /home/liban/document/moringa-school-projects/cookie-recipe/my-first-website/css/styles.css
> git cat-file -s efa7f4b428a064e43ea329b4164f555ab641179b
