[2020-03-12 12:13:48.786] [exthost] [info] extension host started
[2020-03-12 12:13:48.811] [exthost] [info] ExtensionService#_doActivateExtension vscode.emmet {"startup":false,"extensionId":{"value":"vscode.emmet","_lower":"vscode.emmet"},"activationEvent":"onLanguage:html"}
[2020-03-12 12:13:48.811] [exthost] [info] ExtensionService#loadCommonJSModule file:///snap/code/26/usr/share/code/resources/app/extensions/emmet/dist/extension
[2020-03-12 12:13:49.037] [exthost] [info] ExtensionService#_doActivateExtension vscode.html-language-features {"startup":false,"extensionId":{"value":"vscode.html-language-features","_lower":"vscode.html-language-features"},"activationEvent":"onLanguage:html"}
[2020-03-12 12:13:49.037] [exthost] [info] ExtensionService#loadCommonJSModule file:///snap/code/26/usr/share/code/resources/app/extensions/html-language-features/client/dist/htmlMain
[2020-03-12 12:13:49.794] [exthost] [info] ExtensionService#_doActivateExtension vscode.debug-auto-launch {"startup":true,"extensionId":{"value":"vscode.debug-auto-launch","_lower":"vscode.debug-auto-launch"},"activationEvent":"*"}
[2020-03-12 12:13:49.794] [exthost] [info] ExtensionService#loadCommonJSModule file:///snap/code/26/usr/share/code/resources/app/extensions/debug-auto-launch/dist/extension
[2020-03-12 12:13:49.930] [exthost] [info] ExtensionService#_doActivateExtension vscode.git {"startup":true,"extensionId":{"value":"vscode.git","_lower":"vscode.git"},"activationEvent":"*"}
[2020-03-12 12:13:49.930] [exthost] [info] ExtensionService#loadCommonJSModule file:///snap/code/26/usr/share/code/resources/app/extensions/git/dist/main
[2020-03-12 12:13:50.175] [exthost] [info] ExtensionService#_doActivateExtension vscode.github-authentication {"startup":true,"extensionId":{"value":"vscode.github-authentication","_lower":"vscode.github-authentication"},"activationEvent":"*"}
[2020-03-12 12:13:50.176] [exthost] [info] ExtensionService#loadCommonJSModule file:///snap/code/26/usr/share/code/resources/app/extensions/github-authentication/dist/extension.js
[2020-03-12 12:13:50.544] [exthost] [info] ExtensionService#_doActivateExtension vscode.merge-conflict {"startup":true,"extensionId":{"value":"vscode.merge-conflict","_lower":"vscode.merge-conflict"},"activationEvent":"*"}
[2020-03-12 12:13:50.544] [exthost] [info] ExtensionService#loadCommonJSModule file:///snap/code/26/usr/share/code/resources/app/extensions/merge-conflict/dist/extension
[2020-03-12 12:13:50.682] [exthost] [info] ExtensionService#_doActivateExtension vscode.search-result {"startup":true,"extensionId":{"value":"vscode.search-result","_lower":"vscode.search-result"},"activationEvent":"*"}
[2020-03-12 12:13:50.682] [exthost] [info] ExtensionService#loadCommonJSModule file:///snap/code/26/usr/share/code/resources/app/extensions/search-result/dist/extension.js
[2020-03-12 12:13:50.773] [exthost] [info] ExtensionService#_doActivateExtension vscode.vscode-account {"startup":true,"extensionId":{"value":"vscode.vscode-account","_lower":"vscode.vscode-account"},"activationEvent":"*"}
[2020-03-12 12:13:50.773] [exthost] [info] ExtensionService#loadCommonJSModule file:///snap/code/26/usr/share/code/resources/app/extensions/vscode-account/dist/extension.js
[2020-03-12 12:13:51.355] [exthost] [info] ExtensionService#_doActivateExtension ritwickdey.LiveServer {"startup":true,"extensionId":{"value":"ritwickdey.LiveServer","_lower":"ritwickdey.liveserver"},"activationEvent":"*"}
[2020-03-12 12:13:51.355] [exthost] [info] ExtensionService#loadCommonJSModule file:///home/liban/.vscode/extensions/ritwickdey.liveserver-5.6.1/out/src/extension
[2020-03-12 12:14:11.859] [exthost] [info] eager extensions activated
[2020-03-12 12:14:13.627] [exthost] [error] {"message":"Git error","stdout":"","stderr":"fatal: Pathspec '/home/liban/Documents/moringa-school-projects/hello-world/hello-world.html' is in submodule 'Documents/moringa-school-projects/hello-world'\n","exitCode":128,"gitErrorCode":"IsInSubmodule"}
[2020-03-12 12:14:13.627] [exthost] [error] {"message":"Git error","stdout":"","stderr":"fatal: Pathspec '/home/liban/Documents/moringa-school-projects/hello-world/hello-world.html' is in submodule 'Documents/moringa-school-projects/hello-world'\n","exitCode":128,"gitErrorCode":"IsInSubmodule"}
[2020-03-12 12:14:13.627] [exthost] [error] {"message":"Git error","stdout":"","stderr":"fatal: Pathspec '/home/liban/Documents/moringa-school-projects/hello-world/hello-world.html' is in submodule 'Documents/moringa-school-projects/hello-world'\n","exitCode":128,"gitErrorCode":"IsInSubmodule"}
[2020-03-12 12:14:13.627] [exthost] [error] {"message":"Git error","stdout":"","stderr":"fatal: Pathspec '/home/liban/Documents/moringa-school-projects/hello-world/hello-world.html' is in submodule 'Documents/moringa-school-projects/hello-world'\n","exitCode":128,"gitErrorCode":"IsInSubmodule"}
[2020-03-12 12:14:13.627] [exthost] [error] {"message":"Git error","stdout":"","stderr":"fatal: Pathspec '/home/liban/Documents/moringa-school-projects/hello-world/hello-world.html' is in submodule 'Documents/moringa-school-projects/hello-world'\n","exitCode":128,"gitErrorCode":"IsInSubmodule"}
[2020-03-12 12:14:13.627] [exthost] [error] {"message":"Git error","stdout":"","stderr":"fatal: Pathspec '/home/liban/Documents/moringa-school-projects/hello-world/hello-world.html' is in submodule 'Documents/moringa-school-projects/hello-world'\n","exitCode":128,"gitErrorCode":"IsInSubmodule"}
[2020-03-12 12:14:13.627] [exthost] [error] {"message":"Git error","stdout":"","stderr":"fatal: Pathspec '/home/liban/Documents/moringa-school-projects/hello-world/hello-world.html' is in submodule 'Documents/moringa-school-projects/hello-world'\n","exitCode":128,"gitErrorCode":"IsInSubmodule"}
[2020-03-12 12:14:13.627] [exthost] [error] {"message":"Git error","stdout":"","stderr":"fatal: Pathspec '/home/liban/Documents/moringa-school-projects/hello-world/hello-world.html' is in submodule 'Documents/moringa-school-projects/hello-world'\n","exitCode":128,"gitErrorCode":"IsInSubmodule"}
[2020-03-12 12:14:13.627] [exthost] [error] {"message":"Git error","stdout":"","stderr":"fatal: Pathspec '/home/liban/Documents/moringa-school-projects/hello-world/hello-world.html' is in submodule 'Documents/moringa-school-projects/hello-world'\n","exitCode":128,"gitErrorCode":"IsInSubmodule"}
[2020-03-12 12:14:13.628] [exthost] [error] {"message":"Git error","stdout":"","stderr":"fatal: Pathspec '/home/liban/Documents/moringa-school-projects/hello-world/hello-world.html' is in submodule 'Documents/moringa-school-projects/hello-world'\n","exitCode":128,"gitErrorCode":"IsInSubmodule"}
[2020-03-12 12:14:13.628] [exthost] [error] {"message":"Git error","stdout":"","stderr":"fatal: Pathspec '/home/liban/Documents/moringa-school-projects/hello-world/hello-world.html' is in submodule 'Documents/moringa-school-projects/hello-world'\n","exitCode":128,"gitErrorCode":"IsInSubmodule"}
[2020-03-12 12:14:13.628] [exthost] [error] {"message":"Git error","stdout":"","stderr":"fatal: Pathspec '/home/liban/Documents/moringa-school-projects/hello-world/hello-world.html' is in submodule 'Documents/moringa-school-projects/hello-world'\n","exitCode":128,"gitErrorCode":"IsInSubmodule"}
[2020-03-12 12:14:13.628] [exthost] [error] {"message":"Git error","stdout":"","stderr":"fatal: Pathspec '/home/liban/Documents/moringa-school-projects/hello-world/hello-world.html' is in submodule 'Documents/moringa-school-projects/hello-world'\n","exitCode":128,"gitErrorCode":"IsInSubmodule"}
[2020-03-12 12:14:13.628] [exthost] [error] {"message":"Git error","stdout":"","stderr":"fatal: Pathspec '/home/liban/Documents/moringa-school-projects/hello-world/hello-world.html' is in submodule 'Documents/moringa-school-projects/hello-world'\n","exitCode":128,"gitErrorCode":"IsInSubmodule"}
[2020-03-12 12:14:13.628] [exthost] [error] {"message":"Git error","stdout":"","stderr":"fatal: Pathspec '/home/liban/Documents/moringa-school-projects/hello-world/hello-world.html' is in submodule 'Documents/moringa-school-projects/hello-world'\n","exitCode":128,"gitErrorCode":"IsInSubmodule"}
[2020-03-12 12:14:13.628] [exthost] [error] {"message":"Git error","stdout":"","stderr":"fatal: Pathspec '/home/liban/Documents/moringa-school-projects/hello-world/hello-world.html' is in submodule 'Documents/moringa-school-projects/hello-world'\n","exitCode":128,"gitErrorCode":"IsInSubmodule"}
[2020-03-12 12:14:13.628] [exthost] [error] {"message":"Git error","stdout":"","stderr":"fatal: Pathspec '/home/liban/Documents/moringa-school-projects/hello-world/hello-world.html' is in submodule 'Documents/moringa-school-projects/hello-world'\n","exitCode":128,"gitErrorCode":"IsInSubmodule"}
[2020-03-12 12:14:13.628] [exthost] [error] {"message":"Git error","stdout":"","stderr":"fatal: Pathspec '/home/liban/Documents/moringa-school-projects/hello-world/hello-world.html' is in submodule 'Documents/moringa-school-projects/hello-world'\n","exitCode":128,"gitErrorCode":"IsInSubmodule"}
[2020-03-12 12:14:13.628] [exthost] [error] {"message":"Git error","stdout":"","stderr":"fatal: Pathspec '/home/liban/Documents/moringa-school-projects/hello-world/hello-world.html' is in submodule 'Documents/moringa-school-projects/hello-world'\n","exitCode":128,"gitErrorCode":"IsInSubmodule"}
[2020-03-12 12:14:13.628] [exthost] [error] {"message":"Git error","stdout":"","stderr":"fatal: Pathspec '/home/liban/Documents/moringa-school-projects/hello-world/hello-world.html' is in submodule 'Documents/moringa-school-projects/hello-world'\n","exitCode":128,"gitErrorCode":"IsInSubmodule"}
[2020-03-12 12:14:13.628] [exthost] [error] {"message":"Git error","stdout":"","stderr":"fatal: Pathspec '/home/liban/Documents/moringa-school-projects/hello-world/hello-world.html' is in submodule 'Documents/moringa-school-projects/hello-world'\n","exitCode":128,"gitErrorCode":"IsInSubmodule"}
[2020-03-12 12:14:13.628] [exthost] [error] {"message":"Git error","stdout":"","stderr":"fatal: Pathspec '/home/liban/Documents/moringa-school-projects/hello-world/hello-world.html' is in submodule 'Documents/moringa-school-projects/hello-world'\n","exitCode":128,"gitErrorCode":"IsInSubmodule"}
[2020-03-12 12:14:13.628] [exthost] [error] {"message":"Git error","stdout":"","stderr":"fatal: Pathspec '/home/liban/Documents/moringa-school-projects/hello-world/hello-world.html' is in submodule 'Documents/moringa-school-projects/hello-world'\n","exitCode":128,"gitErrorCode":"IsInSubmodule"}
[2020-03-12 12:14:13.628] [exthost] [error] {"message":"Git error","stdout":"","stderr":"fatal: Pathspec '/home/liban/Documents/moringa-school-projects/hello-world/hello-world.html' is in submodule 'Documents/moringa-school-projects/hello-world'\n","exitCode":128,"gitErrorCode":"IsInSubmodule"}
[2020-03-12 16:11:15.075] [exthost] [info] ExtensionService#_doActivateExtension vscode.css-language-features {"startup":false,"extensionId":{"value":"vscode.css-language-features","_lower":"vscode.css-language-features"},"activationEvent":"onLanguage:css"}
[2020-03-12 16:11:15.075] [exthost] [info] ExtensionService#loadCommonJSModule file:///snap/code/26/usr/share/code/resources/app/extensions/css-language-features/client/dist/cssMain
