[2020-03-12 08:03:58.348] [exthost] [info] extension host started
[2020-03-12 08:03:58.721] [exthost] [info] ExtensionService#_doActivateExtension vscode.emmet {"startup":false,"extensionId":{"value":"vscode.emmet","_lower":"vscode.emmet"},"activationEvent":"onLanguage:html"}
[2020-03-12 08:03:58.721] [exthost] [info] ExtensionService#loadCommonJSModule file:///snap/code/26/usr/share/code/resources/app/extensions/emmet/dist/extension
[2020-03-12 08:03:58.889] [exthost] [info] ExtensionService#_doActivateExtension vscode.html-language-features {"startup":false,"extensionId":{"value":"vscode.html-language-features","_lower":"vscode.html-language-features"},"activationEvent":"onLanguage:html"}
[2020-03-12 08:03:58.890] [exthost] [info] ExtensionService#loadCommonJSModule file:///snap/code/26/usr/share/code/resources/app/extensions/html-language-features/client/dist/htmlMain
[2020-03-12 08:03:58.966] [exthost] [info] ExtensionService#_doActivateExtension vscode.debug-auto-launch {"startup":true,"extensionId":{"value":"vscode.debug-auto-launch","_lower":"vscode.debug-auto-launch"},"activationEvent":"*"}
[2020-03-12 08:03:58.966] [exthost] [info] ExtensionService#loadCommonJSModule file:///snap/code/26/usr/share/code/resources/app/extensions/debug-auto-launch/dist/extension
[2020-03-12 08:03:59.041] [exthost] [info] ExtensionService#_doActivateExtension vscode.git {"startup":true,"extensionId":{"value":"vscode.git","_lower":"vscode.git"},"activationEvent":"*"}
[2020-03-12 08:03:59.041] [exthost] [info] ExtensionService#loadCommonJSModule file:///snap/code/26/usr/share/code/resources/app/extensions/git/dist/main
[2020-03-12 08:03:59.541] [exthost] [info] ExtensionService#_doActivateExtension vscode.github-authentication {"startup":true,"extensionId":{"value":"vscode.github-authentication","_lower":"vscode.github-authentication"},"activationEvent":"*"}
[2020-03-12 08:03:59.542] [exthost] [info] ExtensionService#loadCommonJSModule file:///snap/code/26/usr/share/code/resources/app/extensions/github-authentication/dist/extension.js
[2020-03-12 08:03:59.631] [exthost] [info] ExtensionService#_doActivateExtension vscode.merge-conflict {"startup":true,"extensionId":{"value":"vscode.merge-conflict","_lower":"vscode.merge-conflict"},"activationEvent":"*"}
[2020-03-12 08:03:59.631] [exthost] [info] ExtensionService#loadCommonJSModule file:///snap/code/26/usr/share/code/resources/app/extensions/merge-conflict/dist/extension
[2020-03-12 08:03:59.748] [exthost] [info] ExtensionService#_doActivateExtension vscode.search-result {"startup":true,"extensionId":{"value":"vscode.search-result","_lower":"vscode.search-result"},"activationEvent":"*"}
[2020-03-12 08:03:59.748] [exthost] [info] ExtensionService#loadCommonJSModule file:///snap/code/26/usr/share/code/resources/app/extensions/search-result/dist/extension.js
[2020-03-12 08:03:59.839] [exthost] [info] ExtensionService#_doActivateExtension vscode.vscode-account {"startup":true,"extensionId":{"value":"vscode.vscode-account","_lower":"vscode.vscode-account"},"activationEvent":"*"}
[2020-03-12 08:03:59.839] [exthost] [info] ExtensionService#loadCommonJSModule file:///snap/code/26/usr/share/code/resources/app/extensions/vscode-account/dist/extension.js
[2020-03-12 08:04:00.149] [exthost] [info] eager extensions activated
[2020-03-12 08:20:32.579] [exthost] [error] [vscode.html-language-features] provider FAILED
[2020-03-12 08:20:32.681] [exthost] [error] Error: Receving unknown insert replace range.
	at m (/snap/code/26/usr/share/code/resources/app/extensions/html-language-features/client/dist/htmlMain.js:1:191358)
	at /snap/code/26/usr/share/code/resources/app/extensions/html-language-features/client/dist/htmlMain.js:1:196231
	at Object.asCompletionItem (/snap/code/26/usr/share/code/resources/app/extensions/html-language-features/client/dist/htmlMain.js:1:196345)
	at o (/snap/code/26/usr/share/code/resources/app/extensions/html-language-features/client/dist/htmlMain.js:1:22454)
	at Object.n.resolveCompletionItem (/snap/code/26/usr/share/code/resources/app/extensions/html-language-features/client/dist/htmlMain.js:1:22665)
	at /snap/code/26/usr/share/code/resources/app/out/vs/workbench/services/extensions/node/extensionHostProcess.js:595:272
	at /snap/code/26/usr/share/code/resources/app/out/vs/workbench/services/extensions/node/extensionHostProcess.js:54:345
	at new Promise (<anonymous>)
	at Object.t.asPromise (/snap/code/26/usr/share/code/resources/app/out/vs/workbench/services/extensions/node/extensionHostProcess.js:54:317)
	at F.resolveCompletionItem (/snap/code/26/usr/share/code/resources/app/out/vs/workbench/services/extensions/node/extensionHostProcess.js:595:243)
	at /snap/code/26/usr/share/code/resources/app/out/vs/workbench/services/extensions/node/extensionHostProcess.js:613:338
	at V._withAdapter (/snap/code/26/usr/share/code/resources/app/out/vs/workbench/services/extensions/node/extensionHostProcess.js:604:832)
	at V.$resolveCompletionItem (/snap/code/26/usr/share/code/resources/app/out/vs/workbench/services/extensions/node/extensionHostProcess.js:613:316)
	at p._doInvokeHandler (/snap/code/26/usr/share/code/resources/app/out/vs/workbench/services/extensions/node/extensionHostProcess.js:688:464)
	at p._invokeHandler (/snap/code/26/usr/share/code/resources/app/out/vs/workbench/services/extensions/node/extensionHostProcess.js:688:156)
	at p._receiveRequest (/snap/code/26/usr/share/code/resources/app/out/vs/workbench/services/extensions/node/extensionHostProcess.js:686:766)
	at p._receiveOneMessage (/snap/code/26/usr/share/code/resources/app/out/vs/workbench/services/extensions/node/extensionHostProcess.js:685:623)
	at /snap/code/26/usr/share/code/resources/app/out/vs/workbench/services/extensions/node/extensionHostProcess.js:683:791
	at l.fire (/snap/code/26/usr/share/code/resources/app/out/vs/workbench/services/extensions/node/extensionHostProcess.js:48:845)
	at v.fire (/snap/code/26/usr/share/code/resources/app/out/vs/workbench/services/extensions/node/extensionHostProcess.js:191:325)
	at /snap/code/26/usr/share/code/resources/app/out/vs/workbench/services/extensions/node/extensionHostProcess.js:851:104
	at l.fire (/snap/code/26/usr/share/code/resources/app/out/vs/workbench/services/extensions/node/extensionHostProcess.js:48:845)
	at v.fire (/snap/code/26/usr/share/code/resources/app/out/vs/workbench/services/extensions/node/extensionHostProcess.js:191:325)
	at t.PersistentProtocol._receiveMessage (/snap/code/26/usr/share/code/resources/app/out/vs/workbench/services/extensions/node/extensionHostProcess.js:195:717)
	at /snap/code/26/usr/share/code/resources/app/out/vs/workbench/services/extensions/node/extensionHostProcess.js:192:897
	at l.fire (/snap/code/26/usr/share/code/resources/app/out/vs/workbench/services/extensions/node/extensionHostProcess.js:48:845)
	at p.acceptChunk (/snap/code/26/usr/share/code/resources/app/out/vs/workbench/services/extensions/node/extensionHostProcess.js:188:897)
	at /snap/code/26/usr/share/code/resources/app/out/vs/workbench/services/extensions/node/extensionHostProcess.js:188:249
	at Socket.t (/snap/code/26/usr/share/code/resources/app/out/vs/workbench/services/extensions/node/extensionHostProcess.js:197:232)
	at Socket.emit (events.js:203:13)
	at addChunk (_stream_readable.js:295:12)
	at readableAddChunk (_stream_readable.js:276:11)
	at Socket.Readable.push (_stream_readable.js:210:10)
	at Pipe.onStreamRead (internal/stream_base_commons.js:166:17)
[2020-03-12 08:20:32.870] [exthost] [error] [vscode.html-language-features] provider FAILED
[2020-03-12 08:20:32.870] [exthost] [error] Error: Receving unknown insert replace range.
	at m (/snap/code/26/usr/share/code/resources/app/extensions/html-language-features/client/dist/htmlMain.js:1:191358)
	at /snap/code/26/usr/share/code/resources/app/extensions/html-language-features/client/dist/htmlMain.js:1:196231
	at Object.asCompletionItem (/snap/code/26/usr/share/code/resources/app/extensions/html-language-features/client/dist/htmlMain.js:1:196345)
	at o (/snap/code/26/usr/share/code/resources/app/extensions/html-language-features/client/dist/htmlMain.js:1:22454)
	at Object.n.resolveCompletionItem (/snap/code/26/usr/share/code/resources/app/extensions/html-language-features/client/dist/htmlMain.js:1:22665)
	at /snap/code/26/usr/share/code/resources/app/out/vs/workbench/services/extensions/node/extensionHostProcess.js:595:272
	at /snap/code/26/usr/share/code/resources/app/out/vs/workbench/services/extensions/node/extensionHostProcess.js:54:345
	at new Promise (<anonymous>)
	at Object.t.asPromise (/snap/code/26/usr/share/code/resources/app/out/vs/workbench/services/extensions/node/extensionHostProcess.js:54:317)
	at F.resolveCompletionItem (/snap/code/26/usr/share/code/resources/app/out/vs/workbench/services/extensions/node/extensionHostProcess.js:595:243)
	at /snap/code/26/usr/share/code/resources/app/out/vs/workbench/services/extensions/node/extensionHostProcess.js:613:338
	at V._withAdapter (/snap/code/26/usr/share/code/resources/app/out/vs/workbench/services/extensions/node/extensionHostProcess.js:604:832)
	at V.$resolveCompletionItem (/snap/code/26/usr/share/code/resources/app/out/vs/workbench/services/extensions/node/extensionHostProcess.js:613:316)
	at p._doInvokeHandler (/snap/code/26/usr/share/code/resources/app/out/vs/workbench/services/extensions/node/extensionHostProcess.js:688:464)
	at p._invokeHandler (/snap/code/26/usr/share/code/resources/app/out/vs/workbench/services/extensions/node/extensionHostProcess.js:688:156)
	at p._receiveRequest (/snap/code/26/usr/share/code/resources/app/out/vs/workbench/services/extensions/node/extensionHostProcess.js:686:766)
	at p._receiveOneMessage (/snap/code/26/usr/share/code/resources/app/out/vs/workbench/services/extensions/node/extensionHostProcess.js:685:623)
	at /snap/code/26/usr/share/code/resources/app/out/vs/workbench/services/extensions/node/extensionHostProcess.js:683:791
	at l.fire (/snap/code/26/usr/share/code/resources/app/out/vs/workbench/services/extensions/node/extensionHostProcess.js:48:845)
	at v.fire (/snap/code/26/usr/share/code/resources/app/out/vs/workbench/services/extensions/node/extensionHostProcess.js:191:325)
	at /snap/code/26/usr/share/code/resources/app/out/vs/workbench/services/extensions/node/extensionHostProcess.js:851:104
	at l.fire (/snap/code/26/usr/share/code/resources/app/out/vs/workbench/services/extensions/node/extensionHostProcess.js:48:845)
	at v.fire (/snap/code/26/usr/share/code/resources/app/out/vs/workbench/services/extensions/node/extensionHostProcess.js:191:325)
	at t.PersistentProtocol._receiveMessage (/snap/code/26/usr/share/code/resources/app/out/vs/workbench/services/extensions/node/extensionHostProcess.js:195:717)
	at /snap/code/26/usr/share/code/resources/app/out/vs/workbench/services/extensions/node/extensionHostProcess.js:192:897
	at l.fire (/snap/code/26/usr/share/code/resources/app/out/vs/workbench/services/extensions/node/extensionHostProcess.js:48:845)
	at p.acceptChunk (/snap/code/26/usr/share/code/resources/app/out/vs/workbench/services/extensions/node/extensionHostProcess.js:188:897)
	at /snap/code/26/usr/share/code/resources/app/out/vs/workbench/services/extensions/node/extensionHostProcess.js:188:249
	at Socket.t (/snap/code/26/usr/share/code/resources/app/out/vs/workbench/services/extensions/node/extensionHostProcess.js:197:232)
	at Socket.emit (events.js:203:13)
	at addChunk (_stream_readable.js:295:12)
	at readableAddChunk (_stream_readable.js:276:11)
	at Socket.Readable.push (_stream_readable.js:210:10)
	at Pipe.onStreamRead (internal/stream_base_commons.js:166:17)
[2020-03-12 10:45:30.828] [exthost] [error] [vscode.html-language-features] provider FAILED
[2020-03-12 10:45:30.852] [exthost] [error] Error: Receving unknown insert replace range.
	at m (/snap/code/26/usr/share/code/resources/app/extensions/html-language-features/client/dist/htmlMain.js:1:191358)
	at /snap/code/26/usr/share/code/resources/app/extensions/html-language-features/client/dist/htmlMain.js:1:196231
	at Object.asCompletionItem (/snap/code/26/usr/share/code/resources/app/extensions/html-language-features/client/dist/htmlMain.js:1:196345)
	at o (/snap/code/26/usr/share/code/resources/app/extensions/html-language-features/client/dist/htmlMain.js:1:22454)
	at Object.n.resolveCompletionItem (/snap/code/26/usr/share/code/resources/app/extensions/html-language-features/client/dist/htmlMain.js:1:22665)
	at /snap/code/26/usr/share/code/resources/app/out/vs/workbench/services/extensions/node/extensionHostProcess.js:595:272
	at /snap/code/26/usr/share/code/resources/app/out/vs/workbench/services/extensions/node/extensionHostProcess.js:54:345
	at new Promise (<anonymous>)
	at Object.t.asPromise (/snap/code/26/usr/share/code/resources/app/out/vs/workbench/services/extensions/node/extensionHostProcess.js:54:317)
	at F.resolveCompletionItem (/snap/code/26/usr/share/code/resources/app/out/vs/workbench/services/extensions/node/extensionHostProcess.js:595:243)
	at /snap/code/26/usr/share/code/resources/app/out/vs/workbench/services/extensions/node/extensionHostProcess.js:613:338
	at V._withAdapter (/snap/code/26/usr/share/code/resources/app/out/vs/workbench/services/extensions/node/extensionHostProcess.js:604:832)
	at V.$resolveCompletionItem (/snap/code/26/usr/share/code/resources/app/out/vs/workbench/services/extensions/node/extensionHostProcess.js:613:316)
	at p._doInvokeHandler (/snap/code/26/usr/share/code/resources/app/out/vs/workbench/services/extensions/node/extensionHostProcess.js:688:464)
	at p._invokeHandler (/snap/code/26/usr/share/code/resources/app/out/vs/workbench/services/extensions/node/extensionHostProcess.js:688:156)
	at p._receiveRequest (/snap/code/26/usr/share/code/resources/app/out/vs/workbench/services/extensions/node/extensionHostProcess.js:686:766)
	at p._receiveOneMessage (/snap/code/26/usr/share/code/resources/app/out/vs/workbench/services/extensions/node/extensionHostProcess.js:685:623)
	at /snap/code/26/usr/share/code/resources/app/out/vs/workbench/services/extensions/node/extensionHostProcess.js:683:791
	at l.fire (/snap/code/26/usr/share/code/resources/app/out/vs/workbench/services/extensions/node/extensionHostProcess.js:48:845)
	at v.fire (/snap/code/26/usr/share/code/resources/app/out/vs/workbench/services/extensions/node/extensionHostProcess.js:191:325)
	at /snap/code/26/usr/share/code/resources/app/out/vs/workbench/services/extensions/node/extensionHostProcess.js:851:104
	at l.fire (/snap/code/26/usr/share/code/resources/app/out/vs/workbench/services/extensions/node/extensionHostProcess.js:48:845)
	at v.fire (/snap/code/26/usr/share/code/resources/app/out/vs/workbench/services/extensions/node/extensionHostProcess.js:191:325)
	at t.PersistentProtocol._receiveMessage (/snap/code/26/usr/share/code/resources/app/out/vs/workbench/services/extensions/node/extensionHostProcess.js:195:717)
	at /snap/code/26/usr/share/code/resources/app/out/vs/workbench/services/extensions/node/extensionHostProcess.js:192:897
	at l.fire (/snap/code/26/usr/share/code/resources/app/out/vs/workbench/services/extensions/node/extensionHostProcess.js:48:845)
	at p.acceptChunk (/snap/code/26/usr/share/code/resources/app/out/vs/workbench/services/extensions/node/extensionHostProcess.js:188:897)
	at /snap/code/26/usr/share/code/resources/app/out/vs/workbench/services/extensions/node/extensionHostProcess.js:188:249
	at Socket.t (/snap/code/26/usr/share/code/resources/app/out/vs/workbench/services/extensions/node/extensionHostProcess.js:197:232)
	at Socket.emit (events.js:203:13)
	at addChunk (_stream_readable.js:295:12)
	at readableAddChunk (_stream_readable.js:276:11)
	at Socket.Readable.push (_stream_readable.js:210:10)
	at Pipe.onStreamRead (internal/stream_base_commons.js:166:17)
[2020-03-12 10:45:31.196] [exthost] [error] [vscode.html-language-features] provider FAILED
[2020-03-12 10:45:31.197] [exthost] [error] Error: Receving unknown insert replace range.
	at m (/snap/code/26/usr/share/code/resources/app/extensions/html-language-features/client/dist/htmlMain.js:1:191358)
	at /snap/code/26/usr/share/code/resources/app/extensions/html-language-features/client/dist/htmlMain.js:1:196231
	at Object.asCompletionItem (/snap/code/26/usr/share/code/resources/app/extensions/html-language-features/client/dist/htmlMain.js:1:196345)
	at o (/snap/code/26/usr/share/code/resources/app/extensions/html-language-features/client/dist/htmlMain.js:1:22454)
	at Object.n.resolveCompletionItem (/snap/code/26/usr/share/code/resources/app/extensions/html-language-features/client/dist/htmlMain.js:1:22665)
	at /snap/code/26/usr/share/code/resources/app/out/vs/workbench/services/extensions/node/extensionHostProcess.js:595:272
	at /snap/code/26/usr/share/code/resources/app/out/vs/workbench/services/extensions/node/extensionHostProcess.js:54:345
	at new Promise (<anonymous>)
	at Object.t.asPromise (/snap/code/26/usr/share/code/resources/app/out/vs/workbench/services/extensions/node/extensionHostProcess.js:54:317)
	at F.resolveCompletionItem (/snap/code/26/usr/share/code/resources/app/out/vs/workbench/services/extensions/node/extensionHostProcess.js:595:243)
	at /snap/code/26/usr/share/code/resources/app/out/vs/workbench/services/extensions/node/extensionHostProcess.js:613:338
	at V._withAdapter (/snap/code/26/usr/share/code/resources/app/out/vs/workbench/services/extensions/node/extensionHostProcess.js:604:832)
	at V.$resolveCompletionItem (/snap/code/26/usr/share/code/resources/app/out/vs/workbench/services/extensions/node/extensionHostProcess.js:613:316)
	at p._doInvokeHandler (/snap/code/26/usr/share/code/resources/app/out/vs/workbench/services/extensions/node/extensionHostProcess.js:688:464)
	at p._invokeHandler (/snap/code/26/usr/share/code/resources/app/out/vs/workbench/services/extensions/node/extensionHostProcess.js:688:156)
	at p._receiveRequest (/snap/code/26/usr/share/code/resources/app/out/vs/workbench/services/extensions/node/extensionHostProcess.js:686:766)
	at p._receiveOneMessage (/snap/code/26/usr/share/code/resources/app/out/vs/workbench/services/extensions/node/extensionHostProcess.js:685:623)
	at /snap/code/26/usr/share/code/resources/app/out/vs/workbench/services/extensions/node/extensionHostProcess.js:683:791
	at l.fire (/snap/code/26/usr/share/code/resources/app/out/vs/workbench/services/extensions/node/extensionHostProcess.js:48:845)
	at v.fire (/snap/code/26/usr/share/code/resources/app/out/vs/workbench/services/extensions/node/extensionHostProcess.js:191:325)
	at /snap/code/26/usr/share/code/resources/app/out/vs/workbench/services/extensions/node/extensionHostProcess.js:851:104
	at l.fire (/snap/code/26/usr/share/code/resources/app/out/vs/workbench/services/extensions/node/extensionHostProcess.js:48:845)
	at v.fire (/snap/code/26/usr/share/code/resources/app/out/vs/workbench/services/extensions/node/extensionHostProcess.js:191:325)
	at t.PersistentProtocol._receiveMessage (/snap/code/26/usr/share/code/resources/app/out/vs/workbench/services/extensions/node/extensionHostProcess.js:195:717)
	at /snap/code/26/usr/share/code/resources/app/out/vs/workbench/services/extensions/node/extensionHostProcess.js:192:897
	at l.fire (/snap/code/26/usr/share/code/resources/app/out/vs/workbench/services/extensions/node/extensionHostProcess.js:48:845)
	at p.acceptChunk (/snap/code/26/usr/share/code/resources/app/out/vs/workbench/services/extensions/node/extensionHostProcess.js:188:897)
	at /snap/code/26/usr/share/code/resources/app/out/vs/workbench/services/extensions/node/extensionHostProcess.js:188:249
	at Socket.t (/snap/code/26/usr/share/code/resources/app/out/vs/workbench/services/extensions/node/extensionHostProcess.js:197:232)
	at Socket.emit (events.js:203:13)
	at addChunk (_stream_readable.js:295:12)
	at readableAddChunk (_stream_readable.js:276:11)
	at Socket.Readable.push (_stream_readable.js:210:10)
	at Pipe.onStreamRead (internal/stream_base_commons.js:166:17)
[2020-03-12 10:45:35.308] [exthost] [error] [vscode.html-language-features] provider FAILED
[2020-03-12 10:45:35.308] [exthost] [error] Error: Receving unknown insert replace range.
	at m (/snap/code/26/usr/share/code/resources/app/extensions/html-language-features/client/dist/htmlMain.js:1:191358)
	at /snap/code/26/usr/share/code/resources/app/extensions/html-language-features/client/dist/htmlMain.js:1:196231
	at Object.asCompletionItem (/snap/code/26/usr/share/code/resources/app/extensions/html-language-features/client/dist/htmlMain.js:1:196345)
	at o (/snap/code/26/usr/share/code/resources/app/extensions/html-language-features/client/dist/htmlMain.js:1:22454)
	at Object.n.resolveCompletionItem (/snap/code/26/usr/share/code/resources/app/extensions/html-language-features/client/dist/htmlMain.js:1:22665)
	at /snap/code/26/usr/share/code/resources/app/out/vs/workbench/services/extensions/node/extensionHostProcess.js:595:272
	at /snap/code/26/usr/share/code/resources/app/out/vs/workbench/services/extensions/node/extensionHostProcess.js:54:345
	at new Promise (<anonymous>)
	at Object.t.asPromise (/snap/code/26/usr/share/code/resources/app/out/vs/workbench/services/extensions/node/extensionHostProcess.js:54:317)
	at F.resolveCompletionItem (/snap/code/26/usr/share/code/resources/app/out/vs/workbench/services/extensions/node/extensionHostProcess.js:595:243)
	at /snap/code/26/usr/share/code/resources/app/out/vs/workbench/services/extensions/node/extensionHostProcess.js:613:338
	at V._withAdapter (/snap/code/26/usr/share/code/resources/app/out/vs/workbench/services/extensions/node/extensionHostProcess.js:604:832)
	at V.$resolveCompletionItem (/snap/code/26/usr/share/code/resources/app/out/vs/workbench/services/extensions/node/extensionHostProcess.js:613:316)
	at p._doInvokeHandler (/snap/code/26/usr/share/code/resources/app/out/vs/workbench/services/extensions/node/extensionHostProcess.js:688:464)
	at p._invokeHandler (/snap/code/26/usr/share/code/resources/app/out/vs/workbench/services/extensions/node/extensionHostProcess.js:688:156)
	at p._receiveRequest (/snap/code/26/usr/share/code/resources/app/out/vs/workbench/services/extensions/node/extensionHostProcess.js:686:766)
	at p._receiveOneMessage (/snap/code/26/usr/share/code/resources/app/out/vs/workbench/services/extensions/node/extensionHostProcess.js:685:623)
	at /snap/code/26/usr/share/code/resources/app/out/vs/workbench/services/extensions/node/extensionHostProcess.js:683:791
	at l.fire (/snap/code/26/usr/share/code/resources/app/out/vs/workbench/services/extensions/node/extensionHostProcess.js:48:845)
	at v.fire (/snap/code/26/usr/share/code/resources/app/out/vs/workbench/services/extensions/node/extensionHostProcess.js:191:325)
	at /snap/code/26/usr/share/code/resources/app/out/vs/workbench/services/extensions/node/extensionHostProcess.js:851:104
	at l.fire (/snap/code/26/usr/share/code/resources/app/out/vs/workbench/services/extensions/node/extensionHostProcess.js:48:845)
	at v.fire (/snap/code/26/usr/share/code/resources/app/out/vs/workbench/services/extensions/node/extensionHostProcess.js:191:325)
	at t.PersistentProtocol._receiveMessage (/snap/code/26/usr/share/code/resources/app/out/vs/workbench/services/extensions/node/extensionHostProcess.js:195:717)
	at /snap/code/26/usr/share/code/resources/app/out/vs/workbench/services/extensions/node/extensionHostProcess.js:192:897
	at l.fire (/snap/code/26/usr/share/code/resources/app/out/vs/workbench/services/extensions/node/extensionHostProcess.js:48:845)
	at p.acceptChunk (/snap/code/26/usr/share/code/resources/app/out/vs/workbench/services/extensions/node/extensionHostProcess.js:188:897)
	at /snap/code/26/usr/share/code/resources/app/out/vs/workbench/services/extensions/node/extensionHostProcess.js:188:249
	at Socket.t (/snap/code/26/usr/share/code/resources/app/out/vs/workbench/services/extensions/node/extensionHostProcess.js:197:232)
	at Socket.emit (events.js:203:13)
	at addChunk (_stream_readable.js:295:12)
	at readableAddChunk (_stream_readable.js:276:11)
	at Socket.Readable.push (_stream_readable.js:210:10)
	at Pipe.onStreamRead (internal/stream_base_commons.js:166:17)
[2020-03-12 10:45:47.254] [exthost] [error] [vscode.html-language-features] provider FAILED
[2020-03-12 10:45:47.255] [exthost] [error] Error: Receving unknown insert replace range.
	at m (/snap/code/26/usr/share/code/resources/app/extensions/html-language-features/client/dist/htmlMain.js:1:191358)
	at /snap/code/26/usr/share/code/resources/app/extensions/html-language-features/client/dist/htmlMain.js:1:196231
	at Object.asCompletionItem (/snap/code/26/usr/share/code/resources/app/extensions/html-language-features/client/dist/htmlMain.js:1:196345)
	at o (/snap/code/26/usr/share/code/resources/app/extensions/html-language-features/client/dist/htmlMain.js:1:22454)
	at Object.n.resolveCompletionItem (/snap/code/26/usr/share/code/resources/app/extensions/html-language-features/client/dist/htmlMain.js:1:22665)
	at /snap/code/26/usr/share/code/resources/app/out/vs/workbench/services/extensions/node/extensionHostProcess.js:595:272
	at /snap/code/26/usr/share/code/resources/app/out/vs/workbench/services/extensions/node/extensionHostProcess.js:54:345
	at new Promise (<anonymous>)
	at Object.t.asPromise (/snap/code/26/usr/share/code/resources/app/out/vs/workbench/services/extensions/node/extensionHostProcess.js:54:317)
	at F.resolveCompletionItem (/snap/code/26/usr/share/code/resources/app/out/vs/workbench/services/extensions/node/extensionHostProcess.js:595:243)
	at /snap/code/26/usr/share/code/resources/app/out/vs/workbench/services/extensions/node/extensionHostProcess.js:613:338
	at V._withAdapter (/snap/code/26/usr/share/code/resources/app/out/vs/workbench/services/extensions/node/extensionHostProcess.js:604:832)
	at V.$resolveCompletionItem (/snap/code/26/usr/share/code/resources/app/out/vs/workbench/services/extensions/node/extensionHostProcess.js:613:316)
	at p._doInvokeHandler (/snap/code/26/usr/share/code/resources/app/out/vs/workbench/services/extensions/node/extensionHostProcess.js:688:464)
	at p._invokeHandler (/snap/code/26/usr/share/code/resources/app/out/vs/workbench/services/extensions/node/extensionHostProcess.js:688:156)
	at p._receiveRequest (/snap/code/26/usr/share/code/resources/app/out/vs/workbench/services/extensions/node/extensionHostProcess.js:686:766)
	at p._receiveOneMessage (/snap/code/26/usr/share/code/resources/app/out/vs/workbench/services/extensions/node/extensionHostProcess.js:685:623)
	at /snap/code/26/usr/share/code/resources/app/out/vs/workbench/services/extensions/node/extensionHostProcess.js:683:791
	at l.fire (/snap/code/26/usr/share/code/resources/app/out/vs/workbench/services/extensions/node/extensionHostProcess.js:48:845)
	at v.fire (/snap/code/26/usr/share/code/resources/app/out/vs/workbench/services/extensions/node/extensionHostProcess.js:191:325)
	at /snap/code/26/usr/share/code/resources/app/out/vs/workbench/services/extensions/node/extensionHostProcess.js:851:104
	at l.fire (/snap/code/26/usr/share/code/resources/app/out/vs/workbench/services/extensions/node/extensionHostProcess.js:48:845)
	at v.fire (/snap/code/26/usr/share/code/resources/app/out/vs/workbench/services/extensions/node/extensionHostProcess.js:191:325)
	at t.PersistentProtocol._receiveMessage (/snap/code/26/usr/share/code/resources/app/out/vs/workbench/services/extensions/node/extensionHostProcess.js:195:717)
	at /snap/code/26/usr/share/code/resources/app/out/vs/workbench/services/extensions/node/extensionHostProcess.js:192:897
	at l.fire (/snap/code/26/usr/share/code/resources/app/out/vs/workbench/services/extensions/node/extensionHostProcess.js:48:845)
	at p.acceptChunk (/snap/code/26/usr/share/code/resources/app/out/vs/workbench/services/extensions/node/extensionHostProcess.js:188:897)
	at /snap/code/26/usr/share/code/resources/app/out/vs/workbench/services/extensions/node/extensionHostProcess.js:188:249
	at Socket.t (/snap/code/26/usr/share/code/resources/app/out/vs/workbench/services/extensions/node/extensionHostProcess.js:197:232)
	at Socket.emit (events.js:203:13)
	at addChunk (_stream_readable.js:295:12)
	at readableAddChunk (_stream_readable.js:276:11)
	at Socket.Readable.push (_stream_readable.js:210:10)
	at Pipe.onStreamRead (internal/stream_base_commons.js:166:17)
[2020-03-12 10:45:48.131] [exthost] [error] [vscode.html-language-features] provider FAILED
[2020-03-12 10:45:48.132] [exthost] [error] Error: Receving unknown insert replace range.
	at m (/snap/code/26/usr/share/code/resources/app/extensions/html-language-features/client/dist/htmlMain.js:1:191358)
	at /snap/code/26/usr/share/code/resources/app/extensions/html-language-features/client/dist/htmlMain.js:1:196231
	at Object.asCompletionItem (/snap/code/26/usr/share/code/resources/app/extensions/html-language-features/client/dist/htmlMain.js:1:196345)
	at o (/snap/code/26/usr/share/code/resources/app/extensions/html-language-features/client/dist/htmlMain.js:1:22454)
	at Object.n.resolveCompletionItem (/snap/code/26/usr/share/code/resources/app/extensions/html-language-features/client/dist/htmlMain.js:1:22665)
	at /snap/code/26/usr/share/code/resources/app/out/vs/workbench/services/extensions/node/extensionHostProcess.js:595:272
	at /snap/code/26/usr/share/code/resources/app/out/vs/workbench/services/extensions/node/extensionHostProcess.js:54:345
	at new Promise (<anonymous>)
	at Object.t.asPromise (/snap/code/26/usr/share/code/resources/app/out/vs/workbench/services/extensions/node/extensionHostProcess.js:54:317)
	at F.resolveCompletionItem (/snap/code/26/usr/share/code/resources/app/out/vs/workbench/services/extensions/node/extensionHostProcess.js:595:243)
	at /snap/code/26/usr/share/code/resources/app/out/vs/workbench/services/extensions/node/extensionHostProcess.js:613:338
	at V._withAdapter (/snap/code/26/usr/share/code/resources/app/out/vs/workbench/services/extensions/node/extensionHostProcess.js:604:832)
	at V.$resolveCompletionItem (/snap/code/26/usr/share/code/resources/app/out/vs/workbench/services/extensions/node/extensionHostProcess.js:613:316)
	at p._doInvokeHandler (/snap/code/26/usr/share/code/resources/app/out/vs/workbench/services/extensions/node/extensionHostProcess.js:688:464)
	at p._invokeHandler (/snap/code/26/usr/share/code/resources/app/out/vs/workbench/services/extensions/node/extensionHostProcess.js:688:156)
	at p._receiveRequest (/snap/code/26/usr/share/code/resources/app/out/vs/workbench/services/extensions/node/extensionHostProcess.js:686:766)
	at p._receiveOneMessage (/snap/code/26/usr/share/code/resources/app/out/vs/workbench/services/extensions/node/extensionHostProcess.js:685:623)
	at /snap/code/26/usr/share/code/resources/app/out/vs/workbench/services/extensions/node/extensionHostProcess.js:683:791
	at l.fire (/snap/code/26/usr/share/code/resources/app/out/vs/workbench/services/extensions/node/extensionHostProcess.js:48:845)
	at v.fire (/snap/code/26/usr/share/code/resources/app/out/vs/workbench/services/extensions/node/extensionHostProcess.js:191:325)
	at /snap/code/26/usr/share/code/resources/app/out/vs/workbench/services/extensions/node/extensionHostProcess.js:851:104
	at l.fire (/snap/code/26/usr/share/code/resources/app/out/vs/workbench/services/extensions/node/extensionHostProcess.js:48:845)
	at v.fire (/snap/code/26/usr/share/code/resources/app/out/vs/workbench/services/extensions/node/extensionHostProcess.js:191:325)
	at t.PersistentProtocol._receiveMessage (/snap/code/26/usr/share/code/resources/app/out/vs/workbench/services/extensions/node/extensionHostProcess.js:195:717)
	at /snap/code/26/usr/share/code/resources/app/out/vs/workbench/services/extensions/node/extensionHostProcess.js:192:897
	at l.fire (/snap/code/26/usr/share/code/resources/app/out/vs/workbench/services/extensions/node/extensionHostProcess.js:48:845)
	at p.acceptChunk (/snap/code/26/usr/share/code/resources/app/out/vs/workbench/services/extensions/node/extensionHostProcess.js:188:897)
	at /snap/code/26/usr/share/code/resources/app/out/vs/workbench/services/extensions/node/extensionHostProcess.js:188:249
	at Socket.t (/snap/code/26/usr/share/code/resources/app/out/vs/workbench/services/extensions/node/extensionHostProcess.js:197:232)
	at Socket.emit (events.js:203:13)
	at addChunk (_stream_readable.js:295:12)
	at readableAddChunk (_stream_readable.js:276:11)
	at Socket.Readable.push (_stream_readable.js:210:10)
	at Pipe.onStreamRead (internal/stream_base_commons.js:166:17)
[2020-03-12 10:45:50.030] [exthost] [error] [vscode.html-language-features] provider FAILED
[2020-03-12 10:45:50.031] [exthost] [error] Error: Receving unknown insert replace range.
	at m (/snap/code/26/usr/share/code/resources/app/extensions/html-language-features/client/dist/htmlMain.js:1:191358)
	at /snap/code/26/usr/share/code/resources/app/extensions/html-language-features/client/dist/htmlMain.js:1:196231
	at Object.asCompletionItem (/snap/code/26/usr/share/code/resources/app/extensions/html-language-features/client/dist/htmlMain.js:1:196345)
	at o (/snap/code/26/usr/share/code/resources/app/extensions/html-language-features/client/dist/htmlMain.js:1:22454)
	at Object.n.resolveCompletionItem (/snap/code/26/usr/share/code/resources/app/extensions/html-language-features/client/dist/htmlMain.js:1:22665)
	at /snap/code/26/usr/share/code/resources/app/out/vs/workbench/services/extensions/node/extensionHostProcess.js:595:272
	at /snap/code/26/usr/share/code/resources/app/out/vs/workbench/services/extensions/node/extensionHostProcess.js:54:345
	at new Promise (<anonymous>)
	at Object.t.asPromise (/snap/code/26/usr/share/code/resources/app/out/vs/workbench/services/extensions/node/extensionHostProcess.js:54:317)
	at F.resolveCompletionItem (/snap/code/26/usr/share/code/resources/app/out/vs/workbench/services/extensions/node/extensionHostProcess.js:595:243)
	at /snap/code/26/usr/share/code/resources/app/out/vs/workbench/services/extensions/node/extensionHostProcess.js:613:338
	at V._withAdapter (/snap/code/26/usr/share/code/resources/app/out/vs/workbench/services/extensions/node/extensionHostProcess.js:604:832)
	at V.$resolveCompletionItem (/snap/code/26/usr/share/code/resources/app/out/vs/workbench/services/extensions/node/extensionHostProcess.js:613:316)
	at p._doInvokeHandler (/snap/code/26/usr/share/code/resources/app/out/vs/workbench/services/extensions/node/extensionHostProcess.js:688:464)
	at p._invokeHandler (/snap/code/26/usr/share/code/resources/app/out/vs/workbench/services/extensions/node/extensionHostProcess.js:688:156)
	at p._receiveRequest (/snap/code/26/usr/share/code/resources/app/out/vs/workbench/services/extensions/node/extensionHostProcess.js:686:766)
	at p._receiveOneMessage (/snap/code/26/usr/share/code/resources/app/out/vs/workbench/services/extensions/node/extensionHostProcess.js:685:623)
	at /snap/code/26/usr/share/code/resources/app/out/vs/workbench/services/extensions/node/extensionHostProcess.js:683:791
	at l.fire (/snap/code/26/usr/share/code/resources/app/out/vs/workbench/services/extensions/node/extensionHostProcess.js:48:845)
	at v.fire (/snap/code/26/usr/share/code/resources/app/out/vs/workbench/services/extensions/node/extensionHostProcess.js:191:325)
	at /snap/code/26/usr/share/code/resources/app/out/vs/workbench/services/extensions/node/extensionHostProcess.js:851:104
	at l.fire (/snap/code/26/usr/share/code/resources/app/out/vs/workbench/services/extensions/node/extensionHostProcess.js:48:845)
	at v.fire (/snap/code/26/usr/share/code/resources/app/out/vs/workbench/services/extensions/node/extensionHostProcess.js:191:325)
	at t.PersistentProtocol._receiveMessage (/snap/code/26/usr/share/code/resources/app/out/vs/workbench/services/extensions/node/extensionHostProcess.js:195:717)
	at /snap/code/26/usr/share/code/resources/app/out/vs/workbench/services/extensions/node/extensionHostProcess.js:192:897
	at l.fire (/snap/code/26/usr/share/code/resources/app/out/vs/workbench/services/extensions/node/extensionHostProcess.js:48:845)
	at p.acceptChunk (/snap/code/26/usr/share/code/resources/app/out/vs/workbench/services/extensions/node/extensionHostProcess.js:188:897)
	at /snap/code/26/usr/share/code/resources/app/out/vs/workbench/services/extensions/node/extensionHostProcess.js:188:249
	at Socket.t (/snap/code/26/usr/share/code/resources/app/out/vs/workbench/services/extensions/node/extensionHostProcess.js:197:232)
	at Socket.emit (events.js:203:13)
	at addChunk (_stream_readable.js:295:12)
	at readableAddChunk (_stream_readable.js:276:11)
	at Socket.Readable.push (_stream_readable.js:210:10)
	at Pipe.onStreamRead (internal/stream_base_commons.js:166:17)
[2020-03-12 10:46:02.231] [exthost] [error] [vscode.html-language-features] provider FAILED
[2020-03-12 10:46:02.231] [exthost] [error] Error: Receving unknown insert replace range.
	at m (/snap/code/26/usr/share/code/resources/app/extensions/html-language-features/client/dist/htmlMain.js:1:191358)
	at /snap/code/26/usr/share/code/resources/app/extensions/html-language-features/client/dist/htmlMain.js:1:196231
	at Object.asCompletionItem (/snap/code/26/usr/share/code/resources/app/extensions/html-language-features/client/dist/htmlMain.js:1:196345)
	at o (/snap/code/26/usr/share/code/resources/app/extensions/html-language-features/client/dist/htmlMain.js:1:22454)
	at Object.n.resolveCompletionItem (/snap/code/26/usr/share/code/resources/app/extensions/html-language-features/client/dist/htmlMain.js:1:22665)
	at /snap/code/26/usr/share/code/resources/app/out/vs/workbench/services/extensions/node/extensionHostProcess.js:595:272
	at /snap/code/26/usr/share/code/resources/app/out/vs/workbench/services/extensions/node/extensionHostProcess.js:54:345
	at new Promise (<anonymous>)
	at Object.t.asPromise (/snap/code/26/usr/share/code/resources/app/out/vs/workbench/services/extensions/node/extensionHostProcess.js:54:317)
	at F.resolveCompletionItem (/snap/code/26/usr/share/code/resources/app/out/vs/workbench/services/extensions/node/extensionHostProcess.js:595:243)
	at /snap/code/26/usr/share/code/resources/app/out/vs/workbench/services/extensions/node/extensionHostProcess.js:613:338
	at V._withAdapter (/snap/code/26/usr/share/code/resources/app/out/vs/workbench/services/extensions/node/extensionHostProcess.js:604:832)
	at V.$resolveCompletionItem (/snap/code/26/usr/share/code/resources/app/out/vs/workbench/services/extensions/node/extensionHostProcess.js:613:316)
	at p._doInvokeHandler (/snap/code/26/usr/share/code/resources/app/out/vs/workbench/services/extensions/node/extensionHostProcess.js:688:464)
	at p._invokeHandler (/snap/code/26/usr/share/code/resources/app/out/vs/workbench/services/extensions/node/extensionHostProcess.js:688:156)
	at p._receiveRequest (/snap/code/26/usr/share/code/resources/app/out/vs/workbench/services/extensions/node/extensionHostProcess.js:686:766)
	at p._receiveOneMessage (/snap/code/26/usr/share/code/resources/app/out/vs/workbench/services/extensions/node/extensionHostProcess.js:685:623)
	at /snap/code/26/usr/share/code/resources/app/out/vs/workbench/services/extensions/node/extensionHostProcess.js:683:791
	at l.fire (/snap/code/26/usr/share/code/resources/app/out/vs/workbench/services/extensions/node/extensionHostProcess.js:48:845)
	at v.fire (/snap/code/26/usr/share/code/resources/app/out/vs/workbench/services/extensions/node/extensionHostProcess.js:191:325)
	at /snap/code/26/usr/share/code/resources/app/out/vs/workbench/services/extensions/node/extensionHostProcess.js:851:104
	at l.fire (/snap/code/26/usr/share/code/resources/app/out/vs/workbench/services/extensions/node/extensionHostProcess.js:48:845)
	at v.fire (/snap/code/26/usr/share/code/resources/app/out/vs/workbench/services/extensions/node/extensionHostProcess.js:191:325)
	at t.PersistentProtocol._receiveMessage (/snap/code/26/usr/share/code/resources/app/out/vs/workbench/services/extensions/node/extensionHostProcess.js:195:717)
	at /snap/code/26/usr/share/code/resources/app/out/vs/workbench/services/extensions/node/extensionHostProcess.js:192:897
	at l.fire (/snap/code/26/usr/share/code/resources/app/out/vs/workbench/services/extensions/node/extensionHostProcess.js:48:845)
	at p.acceptChunk (/snap/code/26/usr/share/code/resources/app/out/vs/workbench/services/extensions/node/extensionHostProcess.js:188:897)
	at /snap/code/26/usr/share/code/resources/app/out/vs/workbench/services/extensions/node/extensionHostProcess.js:188:249
	at Socket.t (/snap/code/26/usr/share/code/resources/app/out/vs/workbench/services/extensions/node/extensionHostProcess.js:197:232)
	at Socket.emit (events.js:203:13)
	at addChunk (_stream_readable.js:295:12)
	at readableAddChunk (_stream_readable.js:276:11)
	at Socket.Readable.push (_stream_readable.js:210:10)
	at Pipe.onStreamRead (internal/stream_base_commons.js:166:17)
[2020-03-12 10:46:03.976] [exthost] [error] [vscode.html-language-features] provider FAILED
[2020-03-12 10:46:03.977] [exthost] [error] Error: Receving unknown insert replace range.
	at m (/snap/code/26/usr/share/code/resources/app/extensions/html-language-features/client/dist/htmlMain.js:1:191358)
	at /snap/code/26/usr/share/code/resources/app/extensions/html-language-features/client/dist/htmlMain.js:1:196231
	at Object.asCompletionItem (/snap/code/26/usr/share/code/resources/app/extensions/html-language-features/client/dist/htmlMain.js:1:196345)
	at o (/snap/code/26/usr/share/code/resources/app/extensions/html-language-features/client/dist/htmlMain.js:1:22454)
	at Object.n.resolveCompletionItem (/snap/code/26/usr/share/code/resources/app/extensions/html-language-features/client/dist/htmlMain.js:1:22665)
	at /snap/code/26/usr/share/code/resources/app/out/vs/workbench/services/extensions/node/extensionHostProcess.js:595:272
	at /snap/code/26/usr/share/code/resources/app/out/vs/workbench/services/extensions/node/extensionHostProcess.js:54:345
	at new Promise (<anonymous>)
	at Object.t.asPromise (/snap/code/26/usr/share/code/resources/app/out/vs/workbench/services/extensions/node/extensionHostProcess.js:54:317)
	at F.resolveCompletionItem (/snap/code/26/usr/share/code/resources/app/out/vs/workbench/services/extensions/node/extensionHostProcess.js:595:243)
	at /snap/code/26/usr/share/code/resources/app/out/vs/workbench/services/extensions/node/extensionHostProcess.js:613:338
	at V._withAdapter (/snap/code/26/usr/share/code/resources/app/out/vs/workbench/services/extensions/node/extensionHostProcess.js:604:832)
	at V.$resolveCompletionItem (/snap/code/26/usr/share/code/resources/app/out/vs/workbench/services/extensions/node/extensionHostProcess.js:613:316)
	at p._doInvokeHandler (/snap/code/26/usr/share/code/resources/app/out/vs/workbench/services/extensions/node/extensionHostProcess.js:688:464)
	at p._invokeHandler (/snap/code/26/usr/share/code/resources/app/out/vs/workbench/services/extensions/node/extensionHostProcess.js:688:156)
	at p._receiveRequest (/snap/code/26/usr/share/code/resources/app/out/vs/workbench/services/extensions/node/extensionHostProcess.js:686:766)
	at p._receiveOneMessage (/snap/code/26/usr/share/code/resources/app/out/vs/workbench/services/extensions/node/extensionHostProcess.js:685:623)
	at /snap/code/26/usr/share/code/resources/app/out/vs/workbench/services/extensions/node/extensionHostProcess.js:683:791
	at l.fire (/snap/code/26/usr/share/code/resources/app/out/vs/workbench/services/extensions/node/extensionHostProcess.js:48:845)
	at v.fire (/snap/code/26/usr/share/code/resources/app/out/vs/workbench/services/extensions/node/extensionHostProcess.js:191:325)
	at /snap/code/26/usr/share/code/resources/app/out/vs/workbench/services/extensions/node/extensionHostProcess.js:851:104
	at l.fire (/snap/code/26/usr/share/code/resources/app/out/vs/workbench/services/extensions/node/extensionHostProcess.js:48:845)
	at v.fire (/snap/code/26/usr/share/code/resources/app/out/vs/workbench/services/extensions/node/extensionHostProcess.js:191:325)
	at t.PersistentProtocol._receiveMessage (/snap/code/26/usr/share/code/resources/app/out/vs/workbench/services/extensions/node/extensionHostProcess.js:195:717)
	at /snap/code/26/usr/share/code/resources/app/out/vs/workbench/services/extensions/node/extensionHostProcess.js:192:897
	at l.fire (/snap/code/26/usr/share/code/resources/app/out/vs/workbench/services/extensions/node/extensionHostProcess.js:48:845)
	at p.acceptChunk (/snap/code/26/usr/share/code/resources/app/out/vs/workbench/services/extensions/node/extensionHostProcess.js:188:897)
	at /snap/code/26/usr/share/code/resources/app/out/vs/workbench/services/extensions/node/extensionHostProcess.js:188:249
	at Socket.t (/snap/code/26/usr/share/code/resources/app/out/vs/workbench/services/extensions/node/extensionHostProcess.js:197:232)
	at Socket.emit (events.js:203:13)
	at addChunk (_stream_readable.js:295:12)
	at readableAddChunk (_stream_readable.js:276:11)
	at Socket.Readable.push (_stream_readable.js:210:10)
	at Pipe.onStreamRead (internal/stream_base_commons.js:166:17)
[2020-03-12 10:46:14.720] [exthost] [error] [vscode.html-language-features] provider FAILED
[2020-03-12 10:46:14.721] [exthost] [error] Error: Receving unknown insert replace range.
	at m (/snap/code/26/usr/share/code/resources/app/extensions/html-language-features/client/dist/htmlMain.js:1:191358)
	at /snap/code/26/usr/share/code/resources/app/extensions/html-language-features/client/dist/htmlMain.js:1:196231
	at Object.asCompletionItem (/snap/code/26/usr/share/code/resources/app/extensions/html-language-features/client/dist/htmlMain.js:1:196345)
	at o (/snap/code/26/usr/share/code/resources/app/extensions/html-language-features/client/dist/htmlMain.js:1:22454)
	at Object.n.resolveCompletionItem (/snap/code/26/usr/share/code/resources/app/extensions/html-language-features/client/dist/htmlMain.js:1:22665)
	at /snap/code/26/usr/share/code/resources/app/out/vs/workbench/services/extensions/node/extensionHostProcess.js:595:272
	at /snap/code/26/usr/share/code/resources/app/out/vs/workbench/services/extensions/node/extensionHostProcess.js:54:345
	at new Promise (<anonymous>)
	at Object.t.asPromise (/snap/code/26/usr/share/code/resources/app/out/vs/workbench/services/extensions/node/extensionHostProcess.js:54:317)
	at F.resolveCompletionItem (/snap/code/26/usr/share/code/resources/app/out/vs/workbench/services/extensions/node/extensionHostProcess.js:595:243)
	at /snap/code/26/usr/share/code/resources/app/out/vs/workbench/services/extensions/node/extensionHostProcess.js:613:338
	at V._withAdapter (/snap/code/26/usr/share/code/resources/app/out/vs/workbench/services/extensions/node/extensionHostProcess.js:604:832)
	at V.$resolveCompletionItem (/snap/code/26/usr/share/code/resources/app/out/vs/workbench/services/extensions/node/extensionHostProcess.js:613:316)
	at p._doInvokeHandler (/snap/code/26/usr/share/code/resources/app/out/vs/workbench/services/extensions/node/extensionHostProcess.js:688:464)
	at p._invokeHandler (/snap/code/26/usr/share/code/resources/app/out/vs/workbench/services/extensions/node/extensionHostProcess.js:688:156)
	at p._receiveRequest (/snap/code/26/usr/share/code/resources/app/out/vs/workbench/services/extensions/node/extensionHostProcess.js:686:766)
	at p._receiveOneMessage (/snap/code/26/usr/share/code/resources/app/out/vs/workbench/services/extensions/node/extensionHostProcess.js:685:623)
	at /snap/code/26/usr/share/code/resources/app/out/vs/workbench/services/extensions/node/extensionHostProcess.js:683:791
	at l.fire (/snap/code/26/usr/share/code/resources/app/out/vs/workbench/services/extensions/node/extensionHostProcess.js:48:845)
	at v.fire (/snap/code/26/usr/share/code/resources/app/out/vs/workbench/services/extensions/node/extensionHostProcess.js:191:325)
	at /snap/code/26/usr/share/code/resources/app/out/vs/workbench/services/extensions/node/extensionHostProcess.js:851:104
	at l.fire (/snap/code/26/usr/share/code/resources/app/out/vs/workbench/services/extensions/node/extensionHostProcess.js:48:845)
	at v.fire (/snap/code/26/usr/share/code/resources/app/out/vs/workbench/services/extensions/node/extensionHostProcess.js:191:325)
	at t.PersistentProtocol._receiveMessage (/snap/code/26/usr/share/code/resources/app/out/vs/workbench/services/extensions/node/extensionHostProcess.js:195:717)
	at /snap/code/26/usr/share/code/resources/app/out/vs/workbench/services/extensions/node/extensionHostProcess.js:192:897
	at l.fire (/snap/code/26/usr/share/code/resources/app/out/vs/workbench/services/extensions/node/extensionHostProcess.js:48:845)
	at p.acceptChunk (/snap/code/26/usr/share/code/resources/app/out/vs/workbench/services/extensions/node/extensionHostProcess.js:188:897)
	at /snap/code/26/usr/share/code/resources/app/out/vs/workbench/services/extensions/node/extensionHostProcess.js:188:249
	at Socket.t (/snap/code/26/usr/share/code/resources/app/out/vs/workbench/services/extensions/node/extensionHostProcess.js:197:232)
	at Socket.emit (events.js:203:13)
	at addChunk (_stream_readable.js:295:12)
	at readableAddChunk (_stream_readable.js:276:11)
	at Socket.Readable.push (_stream_readable.js:210:10)
	at Pipe.onStreamRead (internal/stream_base_commons.js:166:17)
[2020-03-12 10:46:14.933] [exthost] [error] [vscode.html-language-features] provider FAILED
[2020-03-12 10:46:14.933] [exthost] [error] Error: Receving unknown insert replace range.
	at m (/snap/code/26/usr/share/code/resources/app/extensions/html-language-features/client/dist/htmlMain.js:1:191358)
	at /snap/code/26/usr/share/code/resources/app/extensions/html-language-features/client/dist/htmlMain.js:1:196231
	at Object.asCompletionItem (/snap/code/26/usr/share/code/resources/app/extensions/html-language-features/client/dist/htmlMain.js:1:196345)
	at o (/snap/code/26/usr/share/code/resources/app/extensions/html-language-features/client/dist/htmlMain.js:1:22454)
	at Object.n.resolveCompletionItem (/snap/code/26/usr/share/code/resources/app/extensions/html-language-features/client/dist/htmlMain.js:1:22665)
	at /snap/code/26/usr/share/code/resources/app/out/vs/workbench/services/extensions/node/extensionHostProcess.js:595:272
	at /snap/code/26/usr/share/code/resources/app/out/vs/workbench/services/extensions/node/extensionHostProcess.js:54:345
	at new Promise (<anonymous>)
	at Object.t.asPromise (/snap/code/26/usr/share/code/resources/app/out/vs/workbench/services/extensions/node/extensionHostProcess.js:54:317)
	at F.resolveCompletionItem (/snap/code/26/usr/share/code/resources/app/out/vs/workbench/services/extensions/node/extensionHostProcess.js:595:243)
	at /snap/code/26/usr/share/code/resources/app/out/vs/workbench/services/extensions/node/extensionHostProcess.js:613:338
	at V._withAdapter (/snap/code/26/usr/share/code/resources/app/out/vs/workbench/services/extensions/node/extensionHostProcess.js:604:832)
	at V.$resolveCompletionItem (/snap/code/26/usr/share/code/resources/app/out/vs/workbench/services/extensions/node/extensionHostProcess.js:613:316)
	at p._doInvokeHandler (/snap/code/26/usr/share/code/resources/app/out/vs/workbench/services/extensions/node/extensionHostProcess.js:688:464)
	at p._invokeHandler (/snap/code/26/usr/share/code/resources/app/out/vs/workbench/services/extensions/node/extensionHostProcess.js:688:156)
	at p._receiveRequest (/snap/code/26/usr/share/code/resources/app/out/vs/workbench/services/extensions/node/extensionHostProcess.js:686:766)
	at p._receiveOneMessage (/snap/code/26/usr/share/code/resources/app/out/vs/workbench/services/extensions/node/extensionHostProcess.js:685:623)
	at /snap/code/26/usr/share/code/resources/app/out/vs/workbench/services/extensions/node/extensionHostProcess.js:683:791
	at l.fire (/snap/code/26/usr/share/code/resources/app/out/vs/workbench/services/extensions/node/extensionHostProcess.js:48:845)
	at v.fire (/snap/code/26/usr/share/code/resources/app/out/vs/workbench/services/extensions/node/extensionHostProcess.js:191:325)
	at /snap/code/26/usr/share/code/resources/app/out/vs/workbench/services/extensions/node/extensionHostProcess.js:851:104
	at l.fire (/snap/code/26/usr/share/code/resources/app/out/vs/workbench/services/extensions/node/extensionHostProcess.js:48:845)
	at v.fire (/snap/code/26/usr/share/code/resources/app/out/vs/workbench/services/extensions/node/extensionHostProcess.js:191:325)
	at t.PersistentProtocol._receiveMessage (/snap/code/26/usr/share/code/resources/app/out/vs/workbench/services/extensions/node/extensionHostProcess.js:195:717)
	at /snap/code/26/usr/share/code/resources/app/out/vs/workbench/services/extensions/node/extensionHostProcess.js:192:897
	at l.fire (/snap/code/26/usr/share/code/resources/app/out/vs/workbench/services/extensions/node/extensionHostProcess.js:48:845)
	at p.acceptChunk (/snap/code/26/usr/share/code/resources/app/out/vs/workbench/services/extensions/node/extensionHostProcess.js:188:897)
	at /snap/code/26/usr/share/code/resources/app/out/vs/workbench/services/extensions/node/extensionHostProcess.js:188:249
	at Socket.t (/snap/code/26/usr/share/code/resources/app/out/vs/workbench/services/extensions/node/extensionHostProcess.js:197:232)
	at Socket.emit (events.js:203:13)
	at addChunk (_stream_readable.js:295:12)
	at readableAddChunk (_stream_readable.js:276:11)
	at Socket.Readable.push (_stream_readable.js:210:10)
	at Pipe.onStreamRead (internal/stream_base_commons.js:166:17)
[2020-03-12 11:11:10.648] [exthost] [info] ExtensionService#_doActivateExtension vscode.extension-editing {"startup":false,"extensionId":{"value":"vscode.extension-editing","_lower":"vscode.extension-editing"},"activationEvent":"onLanguage:markdown"}
[2020-03-12 11:11:10.966] [exthost] [info] ExtensionService#loadCommonJSModule file:///snap/code/26/usr/share/code/resources/app/extensions/extension-editing/dist/extension
[2020-03-12 11:11:15.270] [exthost] [info] ExtensionService#_doActivateExtension vscode.markdown-language-features {"startup":false,"extensionId":{"value":"vscode.markdown-language-features","_lower":"vscode.markdown-language-features"},"activationEvent":"onLanguage:markdown"}
[2020-03-12 11:11:15.270] [exthost] [info] ExtensionService#loadCommonJSModule file:///snap/code/26/usr/share/code/resources/app/extensions/markdown-language-features/dist/extension
[2020-03-12 11:46:32.948] [exthost] [info] ExtensionService#_doActivateExtension ritwickdey.LiveServer {"startup":false,"extensionId":{"value":"ritwickdey.LiveServer","_lower":"ritwickdey.liveserver"},"activationEvent":"*"}
[2020-03-12 11:46:32.948] [exthost] [info] ExtensionService#loadCommonJSModule file:///home/liban/.vscode/extensions/ritwickdey.liveserver-5.6.1/out/src/extension
