[2020-03-12 16:31:48.516] [renderer2] [error] Unknown webview handle:06606347-1289-4b4b-8374-2644bb4b83f7: Error: Unknown webview handle:06606347-1289-4b4b-8374-2644bb4b83f7
    at D.getWebviewInput (file:///snap/code/26/usr/share/code/resources/app/out/vs/workbench/workbench.desktop.main.js:4455:965)
    at D.$setOptions (file:///snap/code/26/usr/share/code/resources/app/out/vs/workbench/workbench.desktop.main.js:4450:740)
    at g._doInvokeHandler (file:///snap/code/26/usr/share/code/resources/app/out/vs/workbench/workbench.desktop.main.js:3680:363)
    at g._invokeHandler (file:///snap/code/26/usr/share/code/resources/app/out/vs/workbench/workbench.desktop.main.js:3680:55)
    at g._receiveRequest (file:///snap/code/26/usr/share/code/resources/app/out/vs/workbench/workbench.desktop.main.js:3678:739)
    at g._receiveOneMessage (file:///snap/code/26/usr/share/code/resources/app/out/vs/workbench/workbench.desktop.main.js:3677:518)
    at file:///snap/code/26/usr/share/code/resources/app/out/vs/workbench/workbench.desktop.main.js:3675:754
    at c.fire (file:///snap/code/26/usr/share/code/resources/app/out/vs/workbench/workbench.desktop.main.js:110:24)
    at v.fire (file:///snap/code/26/usr/share/code/resources/app/out/vs/workbench/workbench.desktop.main.js:382:801)
    at t.PersistentProtocol._receiveMessage (file:///snap/code/26/usr/share/code/resources/app/out/vs/workbench/workbench.desktop.main.js:387:276)
    at file:///snap/code/26/usr/share/code/resources/app/out/vs/workbench/workbench.desktop.main.js:384:321
    at c.fire (file:///snap/code/26/usr/share/code/resources/app/out/vs/workbench/workbench.desktop.main.js:110:24)
    at g.acceptChunk (file:///snap/code/26/usr/share/code/resources/app/out/vs/workbench/workbench.desktop.main.js:380:306)
    at file:///snap/code/26/usr/share/code/resources/app/out/vs/workbench/workbench.desktop.main.js:379:657
    at Socket.t (file:///snap/code/26/usr/share/code/resources/app/out/vs/workbench/workbench.desktop.main.js:390:450)
    at Socket.emit (events.js:203:13)
    at addChunk (_stream_readable.js:295:12)
    at readableAddChunk (_stream_readable.js:276:11)
    at Socket.Readable.push (_stream_readable.js:210:10)
    at Pipe.onStreamRead (internal/stream_base_commons.js:166:17)
[2020-03-12 16:31:48.633] [renderer2] [error] Unknown webview handle:06606347-1289-4b4b-8374-2644bb4b83f7: Error: Unknown webview handle:06606347-1289-4b4b-8374-2644bb4b83f7
    at D.getWebviewInput (file:///snap/code/26/usr/share/code/resources/app/out/vs/workbench/workbench.desktop.main.js:4455:965)
    at D.$postMessage (file:///snap/code/26/usr/share/code/resources/app/out/vs/workbench/workbench.desktop.main.js:4451:108)
    at g._doInvokeHandler (file:///snap/code/26/usr/share/code/resources/app/out/vs/workbench/workbench.desktop.main.js:3680:363)
    at g._invokeHandler (file:///snap/code/26/usr/share/code/resources/app/out/vs/workbench/workbench.desktop.main.js:3680:55)
    at g._receiveRequest (file:///snap/code/26/usr/share/code/resources/app/out/vs/workbench/workbench.desktop.main.js:3678:739)
    at g._receiveOneMessage (file:///snap/code/26/usr/share/code/resources/app/out/vs/workbench/workbench.desktop.main.js:3677:518)
    at file:///snap/code/26/usr/share/code/resources/app/out/vs/workbench/workbench.desktop.main.js:3675:754
    at c.fire (file:///snap/code/26/usr/share/code/resources/app/out/vs/workbench/workbench.desktop.main.js:110:24)
    at v.fire (file:///snap/code/26/usr/share/code/resources/app/out/vs/workbench/workbench.desktop.main.js:382:801)
    at t.PersistentProtocol._receiveMessage (file:///snap/code/26/usr/share/code/resources/app/out/vs/workbench/workbench.desktop.main.js:387:276)
    at file:///snap/code/26/usr/share/code/resources/app/out/vs/workbench/workbench.desktop.main.js:384:321
    at c.fire (file:///snap/code/26/usr/share/code/resources/app/out/vs/workbench/workbench.desktop.main.js:110:24)
    at g.acceptChunk (file:///snap/code/26/usr/share/code/resources/app/out/vs/workbench/workbench.desktop.main.js:380:306)
    at file:///snap/code/26/usr/share/code/resources/app/out/vs/workbench/workbench.desktop.main.js:379:657
    at Socket.t (file:///snap/code/26/usr/share/code/resources/app/out/vs/workbench/workbench.desktop.main.js:390:450)
    at Socket.emit (events.js:203:13)
    at addChunk (_stream_readable.js:295:12)
    at readableAddChunk (_stream_readable.js:276:11)
    at Socket.Readable.push (_stream_readable.js:210:10)
    at Pipe.onStreamRead (internal/stream_base_commons.js:166:17)
[2020-03-12 16:31:48.634] [renderer2] [error] Unknown webview handle:06606347-1289-4b4b-8374-2644bb4b83f7: Error: Unknown webview handle:06606347-1289-4b4b-8374-2644bb4b83f7
    at D.getWebviewInput (file:///snap/code/26/usr/share/code/resources/app/out/vs/workbench/workbench.desktop.main.js:4455:965)
    at D.$setHtml (file:///snap/code/26/usr/share/code/resources/app/out/vs/workbench/workbench.desktop.main.js:4450:684)
    at g._doInvokeHandler (file:///snap/code/26/usr/share/code/resources/app/out/vs/workbench/workbench.desktop.main.js:3680:363)
    at g._invokeHandler (file:///snap/code/26/usr/share/code/resources/app/out/vs/workbench/workbench.desktop.main.js:3680:55)
    at g._receiveRequest (file:///snap/code/26/usr/share/code/resources/app/out/vs/workbench/workbench.desktop.main.js:3678:739)
    at g._receiveOneMessage (file:///snap/code/26/usr/share/code/resources/app/out/vs/workbench/workbench.desktop.main.js:3677:518)
    at file:///snap/code/26/usr/share/code/resources/app/out/vs/workbench/workbench.desktop.main.js:3675:754
    at c.fire (file:///snap/code/26/usr/share/code/resources/app/out/vs/workbench/workbench.desktop.main.js:110:24)
    at v.fire (file:///snap/code/26/usr/share/code/resources/app/out/vs/workbench/workbench.desktop.main.js:382:801)
    at t.PersistentProtocol._receiveMessage (file:///snap/code/26/usr/share/code/resources/app/out/vs/workbench/workbench.desktop.main.js:387:276)
    at file:///snap/code/26/usr/share/code/resources/app/out/vs/workbench/workbench.desktop.main.js:384:321
    at c.fire (file:///snap/code/26/usr/share/code/resources/app/out/vs/workbench/workbench.desktop.main.js:110:24)
    at g.acceptChunk (file:///snap/code/26/usr/share/code/resources/app/out/vs/workbench/workbench.desktop.main.js:380:306)
    at file:///snap/code/26/usr/share/code/resources/app/out/vs/workbench/workbench.desktop.main.js:379:657
    at Socket.t (file:///snap/code/26/usr/share/code/resources/app/out/vs/workbench/workbench.desktop.main.js:390:450)
    at Socket.emit (events.js:203:13)
    at addChunk (_stream_readable.js:295:12)
    at readableAddChunk (_stream_readable.js:276:11)
    at Socket.Readable.push (_stream_readable.js:210:10)
    at Pipe.onStreamRead (internal/stream_base_commons.js:166:17)
