Looking for git in: git
Using git 2.17.1 from git
> git rev-parse --show-toplevel
> git rev-parse --git-dir
Open repository: /home/liban
> git status -z -u
> git show :document/moringa-school-projects/world
> git ls-files --stage -- /home/liban/document/moringa-school-projects/world
> git check-ignore -v -z --stdin
> git cat-file -s e69de29bb2d1d6434b8b29ae775ad8c2e48c5391
> git symbolic-ref --short HEAD
> git rev-parse master
> git rev-parse --symbolic-full-name master@{u}
fatal: no upstream configured for branch 'master'
> git for-each-ref --format %(refname) %(objectname) --sort -committerdate
> git remote --verbose
> git config --get commit.template
> git show :document/moringa-school-projects/hello-world.html
> git ls-files --stage -- /home/liban/document/moringa-school-projects/hello-world.html
> git cat-file -s 5c8786bdb8eb28fef9edf6a770910d588aade91c
> git check-ignore -v -z --stdin
> git show :document/moringa-school-projects/cookie-recipe/cookie-recipe.html
> git ls-files --stage -- /home/liban/document/moringa-school-projects/cookie-recipe/cookie-recipe.html
